INFO-FLOW: Workspace E:/1_Research/Neuromorphic/NEUROMORPHIC/First_research/fpga_snn_encoding/scripts/snn_rate_encoding/solution1 opened at Sat Jan 24 12:35:29 +0700 2026
Execute       send_msg_by_id INFO @200-1505@%s%s default  vivado 
INFO: [HLS 200-1505] Using default flow_target 'vivado'
Execute     set_part xc7z020clg484-1 
INFO: [HLS 200-1510] Running: set_part xc7z020clg484-1 
Execute       create_platform xc7z020clg484-1 -board  
DBG:HLSDevice: Trying to load device library: C:/Xilinx/Vitis_HLS/2024.1\lib\win64.o\xv_hlsvwrap.dll
DBG:HLSDevice: first parts/arch.xml in RDI_DATADIR: C:\Xilinx\Vivado\2024.1/data/parts/arch.xml
DBG:HLSDevice: init success
INFO: [HLS 200-1611] Setting target device to 'xc7z020-clg484-1'
Command       create_platform done; 1.013 sec.
Execute       source C:/Xilinx/Vitis_HLS/2024.1/common/technology/xilinx/common/xilinx.gen 
Execute         source C:/Xilinx/Vitis_HLS/2024.1/common/technology/xilinx/interface/plb46.gen 
Execute         source C:/Xilinx/Vitis_HLS/2024.1/common/technology/xilinx/interface/axi4.gen 
Execute         source C:/Xilinx/Vitis_HLS/2024.1/common/technology/xilinx/interface/nativeAXI4.gen 
Execute           source C:/Xilinx/Vitis_HLS/2024.1/common/technology/xilinx/interface/saxilite.gen 
Execute         source C:/Xilinx/Vitis_HLS/2024.1/common/technology/xilinx/scripts/xilinxcoregen.gen 
Execute         source C:/Xilinx/Vitis_HLS/2024.1/common/technology/xilinx/interface/XilEDKCoreGen.gen 
Execute         source C:/Xilinx/Vitis_HLS/2024.1/common/technology/xilinx/ip/dds_compiler.gen 
Execute         source C:/Xilinx/Vitis_HLS/2024.1/common/technology/xilinx/ip/util.gen 
Execute         source C:/Xilinx/Vitis_HLS/2024.1/common/technology/xilinx/ip/xfft.gen 
Execute         source C:/Xilinx/Vitis_HLS/2024.1/common/technology/xilinx/ip/xfir.gen 
Execute         source C:/Xilinx/Vitis_HLS/2024.1/common/technology/xilinx/DSP48/dsp48.gen 
Execute       ap_part_info -name xc7z020-clg484-1 -data info 
Execute       config_compile -quiet -complex-mul-dsp=0 
Command     set_part done; 1.165 sec.
Execute     create_clock -period 10 -name default 
INFO: [HLS 200-1510] Running: create_clock -period 10 -name default 
Execute       ap_set_clock -name default -period 10 -unit ns -default=false 
INFO: [SYN 201-201] Setting up clock 'default' with a period of 10ns.
Execute     csim_design -clean 
INFO: [HLS 200-1510] Running: csim_design -clean 
INFO-FLOW: Running SLX 'csim' proc: ::SLX::run_csim
INFO: [SIM 211-2] *************** CSIM start ***************
INFO: [SIM 211-4] CSIM will launch CLANG as the compiler.
Execute       send_msg_by_id INFO @200-2036@%s debug 
INFO: [HLS 200-2036] Building debug C Simulation binaries
Execute       source C:/Xilinx/Vitis_HLS/2024.1/tps/tcl/tcllib1.11.1/yaml/huddle.tcl 
Execute       source C:/Xilinx/Vitis_HLS/2024.1/tps/tcl/tcllib1.11.1/yaml/json2huddle.tcl 
Execute         source C:/Xilinx/Vitis_HLS/2024.1/tps/tcl/tcllib1.11.1/try/try.tcl 
Execute       ap_part_info -name xc7z020-clg484-1 -data info 
Execute       source run_sim.tcl 
Command       ap_source done; 2.564 sec.
INFO: [SIM 211-1] CSim done with 0 errors.
INFO: [SIM 211-3] *************** CSIM finish ***************
Command     csim_design done; 4.11 sec.
INFO: [HLS 200-2161] Finished Command csim_design Elapsed time: 00:00:04; Allocated memory: 0.969 MB.
Execute     csynth_design 
INFO: [HLS 200-1510] Running: csynth_design 
INFO-FLOW: Running SLX 'csynth' proc: ::SLX::run_csynth
Execute       elaborate -effort=medium -skip_syncheck=0 -keep_printf=0 -skip_cdt=0 -skip_transform=0 -ng=0 -g=0 -opt_fp=0 -from_csynth_design=1 
INFO: [HLS 200-111] Finished File checks and directory preparation: CPU user time: 0 seconds. CPU system time: 0 seconds. Elapsed time: 0.111 seconds; current allocated memory: 153.727 MB.
Execute         set_directive_top rate_encoding -name=rate_encoding 
INFO: [HLS 200-10] Analyzing design file '../src/encoding.cpp' ... 
INFO-FLOW: Compiling one TU...
INFO-FLOW: Handling ../src/encoding.cpp as C++
Execute         ap_part_info -name xc7z020-clg484-1 -data info 
INFO-FLOW: Running: GCC PP 39
INFO-FLOW: Source preprocessing
INFO-FLOW: run_clang exec: C:/Xilinx/Vitis_HLS/2024.1/win64/tools/clang-3.9-csynth/bin/clang ../src/encoding.cpp -foptimization-record-file=E:/1_Research/Neuromorphic/NEUROMORPHIC/First_research/fpga_snn_encoding/scripts/snn_rate_encoding/solution1/.autopilot/db/encoding.cpp.clang.diag.yml -mllvm -pass-remarks-missed=reflow|pasta|unroll -mllvm -pass-remarks=reflow|pasta|unroll|inline -fno-limit-debug-info --sysroot C:/Xilinx/Vitis_HLS/2024.1/tps/mingw/8.3.0/win64.o/nt -fhls -fno-exceptions -insert-hls-directive=E:/1_Research/Neuromorphic/NEUROMORPHIC/First_research/fpga_snn_encoding/scripts/snn_rate_encoding/solution1/.autopilot/db/all.directive.json -E -fno-math-errno -c -emit-llvm -mllvm -disable-llvm-optzns -Werror=implicit-function-declaration -Werror=implicit-hls-streams -Werror=return-type -Wpragmas -Wunused-parameter -Wdump-hls-pragmas -Wno-error=dump-hls-pragmas -hls-clock-period=10 -fno-threadsafe-statics -fno-use-cxa-atexit -std=gnu++14 -target fpga64-xilinx-mingw32 -fno-threadsafe-statics -fno-use-cxa-atexit -D__VITIS_HLS__ -DAESL_SYN -D__SYNTHESIS__ -D__HLS_SYN__ -I C:/Xilinx/Vitis_HLS/2024.1/common/technology/autopilot -I C:/Xilinx/Vitis_HLS/2024.1/common/technology/autopilot/ap_sysc -include etc/autopilot_ssdm_op.h -D__DSP48E1__ -I /usr/include/x86_64-linux-gnu -o E:/1_Research/Neuromorphic/NEUROMORPHIC/First_research/fpga_snn_encoding/scripts/snn_rate_encoding/solution1/.autopilot/db/encoding.pp.0.cpp {-hls-platform-db-name=C:/Xilinx/Vitis_HLS/2024.1\common/technology\xilinx/common/platform.db} -hls-platform-name=zynq_slow -device-resource-info=BRAM_280.000000_DSP_220.000000_FF_106400.000000_LUT_53200.000000_SLICE_13300.000000_URAM_0.000000 -device-name-info=xc7z020clg484-1 > E:/1_Research/Neuromorphic/NEUROMORPHIC/First_research/fpga_snn_encoding/scripts/snn_rate_encoding/solution1/.autopilot/db/encoding.cpp.clang.out.log 2> E:/1_Research/Neuromorphic/NEUROMORPHIC/First_research/fpga_snn_encoding/scripts/snn_rate_encoding/solution1/.autopilot/db/encoding.cpp.clang.err.log
INFO-FLOW: Done: GCC PP 39 time: 0.4 seconds per iteration
INFO-FLOW: Source syntax check for synthesis
INFO-FLOW: run_clang exec: C:/Xilinx/Vitis_HLS/2024.1/win64/tools/clang-3.9-csynth/bin/clang -foptimization-record-file=E:/1_Research/Neuromorphic/NEUROMORPHIC/First_research/fpga_snn_encoding/scripts/snn_rate_encoding/solution1/.autopilot/db/clang.diag.yml -mllvm -pass-remarks-missed=reflow|pasta|unroll -mllvm -pass-remarks=reflow|pasta|unroll|inline -fsyntax-only -fhls -target fpga64-xilinx-linux-gnu E:/1_Research/Neuromorphic/NEUROMORPHIC/First_research/fpga_snn_encoding/scripts/snn_rate_encoding/solution1/.autopilot/db/encoding.pp.0.cpp {-hls-platform-db-name=C:/Xilinx/Vitis_HLS/2024.1\common/technology\xilinx/common/platform.db} -hls-platform-name=zynq_slow -device-resource-info=BRAM_280.000000_DSP_220.000000_FF_106400.000000_LUT_53200.000000_SLICE_13300.000000_URAM_0.000000 -device-name-info=xc7z020clg484-1 > E:/1_Research/Neuromorphic/NEUROMORPHIC/First_research/fpga_snn_encoding/scripts/snn_rate_encoding/solution1/.autopilot/db/clang.out.log 2> E:/1_Research/Neuromorphic/NEUROMORPHIC/First_research/fpga_snn_encoding/scripts/snn_rate_encoding/solution1/.autopilot/db/clang.err.log
Execute         clang_tidy xilinx-systemc-detector -desc systemc-detector E:/1_Research/Neuromorphic/NEUROMORPHIC/First_research/fpga_snn_encoding/scripts/snn_rate_encoding/solution1/.autopilot/db/encoding.pp.0.cpp std=gnu++14 -target fpga  -directive=E:/1_Research/Neuromorphic/NEUROMORPHIC/First_research/fpga_snn_encoding/scripts/snn_rate_encoding/solution1/.autopilot/db/.systemc_flag 
INFO-FLOW: exec C:/Xilinx/Vitis_HLS/2024.1/win64/tools/clang-3.9-csynth/bin/clang-tidy -header-filter=.* --checks=-*,xilinx-systemc-detector -import-directive=E:/1_Research/Neuromorphic/NEUROMORPHIC/First_research/fpga_snn_encoding/scripts/snn_rate_encoding/solution1/.autopilot/db/.systemc_flag -fix-errors E:/1_Research/Neuromorphic/NEUROMORPHIC/First_research/fpga_snn_encoding/scripts/snn_rate_encoding/solution1/.autopilot/db/encoding.pp.0.cpp -- -std=gnu++14 -target fpga -fhls -ferror-limit=0
INFO-FLOW: Running: clang-tidy CDT preprocess 39
Execute         clang_tidy xilinx-directive2pragma -desc directive2pragma E:/1_Research/Neuromorphic/NEUROMORPHIC/First_research/fpga_snn_encoding/scripts/snn_rate_encoding/solution1/.autopilot/db/encoding.pp.0.cpp std=gnu++14 -target fpga  -directive=E:/1_Research/Neuromorphic/NEUROMORPHIC/First_research/fpga_snn_encoding/scripts/snn_rate_encoding/solution1/.autopilot/db/all.directive.json 
INFO-FLOW: exec C:/Xilinx/Vitis_HLS/2024.1/win64/tools/clang-3.9-csynth/bin/clang-tidy -header-filter=.* --checks=-*,xilinx-directive2pragma -import-directive=E:/1_Research/Neuromorphic/NEUROMORPHIC/First_research/fpga_snn_encoding/scripts/snn_rate_encoding/solution1/.autopilot/db/all.directive.json -fix-errors E:/1_Research/Neuromorphic/NEUROMORPHIC/First_research/fpga_snn_encoding/scripts/snn_rate_encoding/solution1/.autopilot/db/encoding.pp.0.cpp -- -std=gnu++14 -target fpga -fhls -ferror-limit=0
Command         clang_tidy done; 0.164 sec.
INFO-FLOW: Done: clang-tidy CDT preprocess 39 time: 0.2 seconds per iteration
INFO-FLOW: Calling xilinx-label-all-loops ... 
INFO-FLOW: Calling xilinx-aggregate-on-hls-vector ... 
Execute         clang_tidy -errorcheck -desc loop-label xilinx-label-all-loops,xilinx-aggregate-on-hls-vector,,xilinx-warn-mayneed-no-ctor-attribute E:/1_Research/Neuromorphic/NEUROMORPHIC/First_research/fpga_snn_encoding/scripts/snn_rate_encoding/solution1/.autopilot/db/encoding.pp.0.cpp std=gnu++14 -target fpga  
INFO-FLOW: run_clang exec: C:/Xilinx/Vitis_HLS/2024.1/win64/tools/clang-3.9-csynth/bin/clang-tidy -export-fixes=E:/1_Research/Neuromorphic/NEUROMORPHIC/First_research/fpga_snn_encoding/scripts/snn_rate_encoding/solution1/.autopilot/db/encoding.pp.0.cpp.clang-tidy.loop-label.diag.yml -header-filter=.* --checks=-*,xilinx-label-all-loops,xilinx-aggregate-on-hls-vector,,xilinx-warn-mayneed-no-ctor-attribute -fix-errors E:/1_Research/Neuromorphic/NEUROMORPHIC/First_research/fpga_snn_encoding/scripts/snn_rate_encoding/solution1/.autopilot/db/encoding.pp.0.cpp -- -std=gnu++14 -target fpga -fhls -ferror-limit=0 > E:/1_Research/Neuromorphic/NEUROMORPHIC/First_research/fpga_snn_encoding/scripts/snn_rate_encoding/solution1/.autopilot/db/encoding.pp.0.cpp.clang-tidy.loop-label.out.log 2> E:/1_Research/Neuromorphic/NEUROMORPHIC/First_research/fpga_snn_encoding/scripts/snn_rate_encoding/solution1/.autopilot/db/encoding.pp.0.cpp.clang-tidy.loop-label.err.log
Execute           source C:/Xilinx/Vitis_HLS/2024.1/tps/tcl/tcllib1.11.1/yaml/yaml.tcl 
Command         clang_tidy done; 0.133 sec.
INFO-FLOW: run_clang exec: C:/Xilinx/Vitis_HLS/2024.1/win64/tools/clang-3.9-csynth/bin/xilinx-dataflow-lawyer -export-fixes=E:/1_Research/Neuromorphic/NEUROMORPHIC/First_research/fpga_snn_encoding/scripts/snn_rate_encoding/solution1/.autopilot/db/encoding.pp.0.cpp.xilinx-dataflow-lawyer.diag.yml E:/1_Research/Neuromorphic/NEUROMORPHIC/First_research/fpga_snn_encoding/scripts/snn_rate_encoding/solution1/.autopilot/db/encoding.pp.0.cpp -- -std=gnu++14 -target fpga -fhls -ferror-limit=0 -fstrict-dataflow > E:/1_Research/Neuromorphic/NEUROMORPHIC/First_research/fpga_snn_encoding/scripts/snn_rate_encoding/solution1/.autopilot/db/encoding.pp.0.cpp.xilinx-dataflow-lawyer.out.log 2> E:/1_Research/Neuromorphic/NEUROMORPHIC/First_research/fpga_snn_encoding/scripts/snn_rate_encoding/solution1/.autopilot/db/encoding.pp.0.cpp.xilinx-dataflow-lawyer.err.log
Execute         ap_part_info -name xc7z020-clg484-1 -data info 
INFO-FLOW: compiling source code to llvm bc
INFO-FLOW: run_clang exec: C:/Xilinx/Vitis_HLS/2024.1/win64/tools/clang-3.9-csynth/bin/clang -foptimization-record-file=E:/1_Research/Neuromorphic/NEUROMORPHIC/First_research/fpga_snn_encoding/scripts/snn_rate_encoding/solution1/.autopilot/db/encoding.pp.0.cpp.clang.diag.yml -mllvm -pass-remarks-missed=reflow|pasta|unroll -mllvm -pass-remarks=reflow|pasta|unroll|inline -fno-limit-debug-info -fhls -flto -fno-exceptions -Wno-error=c++11-narrowing -hls-emit-hint-scope E:/1_Research/Neuromorphic/NEUROMORPHIC/First_research/fpga_snn_encoding/scripts/snn_rate_encoding/solution1/.autopilot/db/encoding.pp.0.cpp -fno-math-errno -c -emit-llvm -mllvm -disable-llvm-optzns -Werror=implicit-function-declaration -Werror=implicit-hls-streams -Werror=return-type -Wpragmas -Wunused-parameter -Wdump-hls-pragmas -Wno-error=dump-hls-pragmas -hls-clock-period=10 -fno-threadsafe-statics -fno-use-cxa-atexit -std=gnu++14 -target fpga64-xilinx-linux-gnu -D__VITIS_HLS__ -DAESL_SYN -D__SYNTHESIS__ -D__HLS_SYN__ -I C:/Xilinx/Vitis_HLS/2024.1/common/technology/autopilot -I C:/Xilinx/Vitis_HLS/2024.1/common/technology/autopilot/ap_sysc -include etc/autopilot_ssdm_op.h -D__DSP48E1__ -g -o E:/1_Research/Neuromorphic/NEUROMORPHIC/First_research/fpga_snn_encoding/scripts/snn_rate_encoding/solution1/.autopilot/db/encoding.bc {-hls-platform-db-name=C:/Xilinx/Vitis_HLS/2024.1\common/technology\xilinx/common/platform.db} -hls-platform-name=zynq_slow -device-resource-info=BRAM_280.000000_DSP_220.000000_FF_106400.000000_LUT_53200.000000_SLICE_13300.000000_URAM_0.000000 -device-name-info=xc7z020clg484-1 > E:/1_Research/Neuromorphic/NEUROMORPHIC/First_research/fpga_snn_encoding/scripts/snn_rate_encoding/solution1/.autopilot/db/encoding.pp.0.cpp.clang.out.log 2> E:/1_Research/Neuromorphic/NEUROMORPHIC/First_research/fpga_snn_encoding/scripts/snn_rate_encoding/solution1/.autopilot/db/encoding.pp.0.cpp.clang.err.log
INFO: [HLS 200-111] Finished Source Code Analysis and Preprocessing: CPU user time: 0 seconds. CPU system time: 0 seconds. Elapsed time: 1.691 seconds; current allocated memory: 156.168 MB.
INFO-FLOW: Linking Debug ...
INFO-FLOW: Linking dut bc code.
Execute         run_link_or_opt -out E:/1_Research/Neuromorphic/NEUROMORPHIC/First_research/fpga_snn_encoding/scripts/snn_rate_encoding/solution1/.autopilot/db/a.g.ld.0.bc -args  "E:/1_Research/Neuromorphic/NEUROMORPHIC/First_research/fpga_snn_encoding/scripts/snn_rate_encoding/solution1/.autopilot/db/encoding.g.bc"  
INFO-FLOW: run_clang exec: C:/Xilinx/Vitis_HLS/2024.1/win64/tools/clang-3.9-csynth/bin/llvm-link E:/1_Research/Neuromorphic/NEUROMORPHIC/First_research/fpga_snn_encoding/scripts/snn_rate_encoding/solution1/.autopilot/db/encoding.g.bc -o E:/1_Research/Neuromorphic/NEUROMORPHIC/First_research/fpga_snn_encoding/scripts/snn_rate_encoding/solution1/.autopilot/db/a.g.ld.0.bc > E:/1_Research/Neuromorphic/NEUROMORPHIC/First_research/fpga_snn_encoding/scripts/snn_rate_encoding/solution1/.autopilot/db/a.g.ld.0.bc.llvm-link.out.log 2> E:/1_Research/Neuromorphic/NEUROMORPHIC/First_research/fpga_snn_encoding/scripts/snn_rate_encoding/solution1/.autopilot/db/a.g.ld.0.bc.llvm-link.err.log
INFO-FLOW: 
Execute         run_link_or_opt -opt -out E:/1_Research/Neuromorphic/NEUROMORPHIC/First_research/fpga_snn_encoding/scripts/snn_rate_encoding/solution1/.autopilot/db/a.g.ld.1.lower.bc -args E:/1_Research/Neuromorphic/NEUROMORPHIC/First_research/fpga_snn_encoding/scripts/snn_rate_encoding/solution1/.autopilot/db/a.g.ld.0.bc -reflow-lower-math-intrinsics 
INFO-FLOW: run_clang exec: C:/Xilinx/Vitis_HLS/2024.1/win64/tools/clang-3.9-csynth/bin/opt -pass-remarks-missed=reflow|pasta|unroll -pass-remarks=reflow|pasta|unroll|inline -pass-remarks-output=E:/1_Research/Neuromorphic/NEUROMORPHIC/First_research/fpga_snn_encoding/scripts/snn_rate_encoding/solution1/.autopilot/db/a.g.ld.1.lower.bc.opt.diag.yml E:/1_Research/Neuromorphic/NEUROMORPHIC/First_research/fpga_snn_encoding/scripts/snn_rate_encoding/solution1/.autopilot/db/a.g.ld.0.bc -reflow-lower-math-intrinsics -o E:/1_Research/Neuromorphic/NEUROMORPHIC/First_research/fpga_snn_encoding/scripts/snn_rate_encoding/solution1/.autopilot/db/a.g.ld.1.lower.bc > E:/1_Research/Neuromorphic/NEUROMORPHIC/First_research/fpga_snn_encoding/scripts/snn_rate_encoding/solution1/.autopilot/db/a.g.ld.1.lower.bc.opt.out.log 2> E:/1_Research/Neuromorphic/NEUROMORPHIC/First_research/fpga_snn_encoding/scripts/snn_rate_encoding/solution1/.autopilot/db/a.g.ld.1.lower.bc.opt.err.log
INFO-FLOW: 
INFO-FLOW: Running: gen_design_size_report post-opt
INFO-FLOW: Done: gen_design_size_report post-opt time: 0 seconds per iteration
INFO-FLOW: Linking math bc lib
Execute         run_link_or_opt -out E:/1_Research/Neuromorphic/NEUROMORPHIC/First_research/fpga_snn_encoding/scripts/snn_rate_encoding/solution1/.autopilot/db/a.g.ld.2.m1.bc -args E:/1_Research/Neuromorphic/NEUROMORPHIC/First_research/fpga_snn_encoding/scripts/snn_rate_encoding/solution1/.autopilot/db/a.g.ld.1.lower.bc -only-needed C:/Xilinx/Vitis_HLS/2024.1/win64/lib/libhlsm_39.bc C:/Xilinx/Vitis_HLS/2024.1/win64/lib/libhlsmc++_39.bc 
INFO-FLOW: run_clang exec: C:/Xilinx/Vitis_HLS/2024.1/win64/tools/clang-3.9-csynth/bin/llvm-link E:/1_Research/Neuromorphic/NEUROMORPHIC/First_research/fpga_snn_encoding/scripts/snn_rate_encoding/solution1/.autopilot/db/a.g.ld.1.lower.bc -only-needed C:/Xilinx/Vitis_HLS/2024.1/win64/lib/libhlsm_39.bc C:/Xilinx/Vitis_HLS/2024.1/win64/lib/libhlsmc++_39.bc -o E:/1_Research/Neuromorphic/NEUROMORPHIC/First_research/fpga_snn_encoding/scripts/snn_rate_encoding/solution1/.autopilot/db/a.g.ld.2.m1.bc > E:/1_Research/Neuromorphic/NEUROMORPHIC/First_research/fpga_snn_encoding/scripts/snn_rate_encoding/solution1/.autopilot/db/a.g.ld.2.m1.bc.llvm-link.out.log 2> E:/1_Research/Neuromorphic/NEUROMORPHIC/First_research/fpga_snn_encoding/scripts/snn_rate_encoding/solution1/.autopilot/db/a.g.ld.2.m1.bc.llvm-link.err.log
INFO-FLOW: 
Command         run_link_or_opt done; 1.808 sec.
Execute         run_link_or_opt -opt -out E:/1_Research/Neuromorphic/NEUROMORPHIC/First_research/fpga_snn_encoding/scripts/snn_rate_encoding/solution1/.autopilot/db/a.g.ld.3.fpc.bc -args E:/1_Research/Neuromorphic/NEUROMORPHIC/First_research/fpga_snn_encoding/scripts/snn_rate_encoding/solution1/.autopilot/db/a.g.ld.2.m1.bc -reflow-globaldce -hls-top-function-name=rate_encoding -reflow-float-conversion 
INFO-FLOW: run_clang exec: C:/Xilinx/Vitis_HLS/2024.1/win64/tools/clang-3.9-csynth/bin/opt -pass-remarks-missed=reflow|pasta|unroll -pass-remarks=reflow|pasta|unroll|inline -pass-remarks-output=E:/1_Research/Neuromorphic/NEUROMORPHIC/First_research/fpga_snn_encoding/scripts/snn_rate_encoding/solution1/.autopilot/db/a.g.ld.3.fpc.bc.opt.diag.yml E:/1_Research/Neuromorphic/NEUROMORPHIC/First_research/fpga_snn_encoding/scripts/snn_rate_encoding/solution1/.autopilot/db/a.g.ld.2.m1.bc -reflow-globaldce -hls-top-function-name=rate_encoding -reflow-float-conversion -o E:/1_Research/Neuromorphic/NEUROMORPHIC/First_research/fpga_snn_encoding/scripts/snn_rate_encoding/solution1/.autopilot/db/a.g.ld.3.fpc.bc > E:/1_Research/Neuromorphic/NEUROMORPHIC/First_research/fpga_snn_encoding/scripts/snn_rate_encoding/solution1/.autopilot/db/a.g.ld.3.fpc.bc.opt.out.log 2> E:/1_Research/Neuromorphic/NEUROMORPHIC/First_research/fpga_snn_encoding/scripts/snn_rate_encoding/solution1/.autopilot/db/a.g.ld.3.fpc.bc.opt.err.log
INFO-FLOW: 
INFO-FLOW: Running: gen_design_size_report post-opt
INFO-FLOW: Done: gen_design_size_report post-opt time: 0 seconds per iteration
Command         run_link_or_opt done; 0.831 sec.
Execute         run_link_or_opt -out E:/1_Research/Neuromorphic/NEUROMORPHIC/First_research/fpga_snn_encoding/scripts/snn_rate_encoding/solution1/.autopilot/db/a.g.ld.4.m2.bc -args E:/1_Research/Neuromorphic/NEUROMORPHIC/First_research/fpga_snn_encoding/scripts/snn_rate_encoding/solution1/.autopilot/db/a.g.ld.3.fpc.bc -only-needed C:/Xilinx/Vitis_HLS/2024.1/win64/lib/libfloatconversion_39.bc 
INFO-FLOW: run_clang exec: C:/Xilinx/Vitis_HLS/2024.1/win64/tools/clang-3.9-csynth/bin/llvm-link E:/1_Research/Neuromorphic/NEUROMORPHIC/First_research/fpga_snn_encoding/scripts/snn_rate_encoding/solution1/.autopilot/db/a.g.ld.3.fpc.bc -only-needed C:/Xilinx/Vitis_HLS/2024.1/win64/lib/libfloatconversion_39.bc -o E:/1_Research/Neuromorphic/NEUROMORPHIC/First_research/fpga_snn_encoding/scripts/snn_rate_encoding/solution1/.autopilot/db/a.g.ld.4.m2.bc > E:/1_Research/Neuromorphic/NEUROMORPHIC/First_research/fpga_snn_encoding/scripts/snn_rate_encoding/solution1/.autopilot/db/a.g.ld.4.m2.bc.llvm-link.out.log 2> E:/1_Research/Neuromorphic/NEUROMORPHIC/First_research/fpga_snn_encoding/scripts/snn_rate_encoding/solution1/.autopilot/db/a.g.ld.4.m2.bc.llvm-link.err.log
INFO-FLOW: 
Execute         run_link_or_opt -opt -out E:/1_Research/Neuromorphic/NEUROMORPHIC/First_research/fpga_snn_encoding/scripts/snn_rate_encoding/solution1/.autopilot/db/a.g.ld.5.gdce.bc -args E:/1_Research/Neuromorphic/NEUROMORPHIC/First_research/fpga_snn_encoding/scripts/snn_rate_encoding/solution1/.autopilot/db/a.g.ld.4.m2.bc -reflow-globaldce -hls-top-function-name=rate_encoding 
INFO-FLOW: run_clang exec: C:/Xilinx/Vitis_HLS/2024.1/win64/tools/clang-3.9-csynth/bin/opt -pass-remarks-missed=reflow|pasta|unroll -pass-remarks=reflow|pasta|unroll|inline -pass-remarks-output=E:/1_Research/Neuromorphic/NEUROMORPHIC/First_research/fpga_snn_encoding/scripts/snn_rate_encoding/solution1/.autopilot/db/a.g.ld.5.gdce.bc.opt.diag.yml E:/1_Research/Neuromorphic/NEUROMORPHIC/First_research/fpga_snn_encoding/scripts/snn_rate_encoding/solution1/.autopilot/db/a.g.ld.4.m2.bc -reflow-globaldce -hls-top-function-name=rate_encoding -o E:/1_Research/Neuromorphic/NEUROMORPHIC/First_research/fpga_snn_encoding/scripts/snn_rate_encoding/solution1/.autopilot/db/a.g.ld.5.gdce.bc > E:/1_Research/Neuromorphic/NEUROMORPHIC/First_research/fpga_snn_encoding/scripts/snn_rate_encoding/solution1/.autopilot/db/a.g.ld.5.gdce.bc.opt.out.log 2> E:/1_Research/Neuromorphic/NEUROMORPHIC/First_research/fpga_snn_encoding/scripts/snn_rate_encoding/solution1/.autopilot/db/a.g.ld.5.gdce.bc.opt.err.log
INFO-FLOW: 
INFO-FLOW: Running: gen_design_size_report post-opt
INFO-FLOW: Done: gen_design_size_report post-opt time: 0 seconds per iteration
Execute         send_msg_by_id INFO @200-777@%s Vivado 
INFO: [HLS 200-777] Using interface defaults for 'Vivado' flow target.
Execute         is_m_axi_addr64 
INFO-FLOW: Doing LTO.
INFO-FLOW: run_clang (background poll_ms 5000) exec: C:/Xilinx/Vitis_HLS/2024.1/win64/tools/clang-3.9-csynth/bin/clang -foptimization-record-file=E:/1_Research/Neuromorphic/NEUROMORPHIC/First_research/fpga_snn_encoding/scripts/snn_rate_encoding/solution1/.autopilot/db/a.g.ld.0.bc.clang.reflow.diag.yml -mllvm -pass-remarks-missed=reflow|pasta|unroll -mllvm -pass-remarks=reflow|pasta|unroll|inline -fhls -mllvm -hls-top-function-name=rate_encoding -mllvm -hls-db-dir -mllvm E:/1_Research/Neuromorphic/NEUROMORPHIC/First_research/fpga_snn_encoding/scripts/snn_rate_encoding/solution1/.autopilot/db -emit-llvm -c -target fpga64-xilinx-none -mllvm -xcl-xmlinfo=E:/1_Research/Neuromorphic/NEUROMORPHIC/First_research/fpga_snn_encoding/scripts/snn_rate_encoding/solution1/.autopilot/db/kernel.internal.xml -mllvm -top-io-mapping-info=E:/1_Research/Neuromorphic/NEUROMORPHIC/First_research/fpga_snn_encoding/scripts/snn_rate_encoding/solution1/.autopilot/db/top-io-fe.xml -mllvm -hls-bitcode-version=3.1 -mllvm -reflow-enable-slave-interface-default-setting=true -mllvm -gen-kernel-xml=false -mllvm -default-maxi-offset=slave -mllvm -maxi-latency=0 -mllvm -hls-maxi-data-size-in-bits=8 -mllvm -hls-maxi-max-data-size-in-bits=1024 -mllvm -hls-max-widen-size-in-bits=0 -mllvm -xcl-kernel-max-mem-ports=0 -mllvm -maxi-read-trans=16 -mllvm -maxi-write-trans=16 -mllvm -maxi-read-burst-len=16 -mllvm -maxi-write-burst-len=16 -mllvm -reflow-enable-saxi-64bits=0 -mllvm -reflow-basic-block-instr-threshold=200000 -mllvm -reflow-auto-pipeline-threshold=64 -mllvm -reflow-enable-maxi-auto-id-channel=0 -mllvm -enable-fp-thr=0 -mllvm -reflow-bdd-simplify-threshold=1048576 -mllvm -reflow-fanout-threshold=16 -mllvm -reflow-complete-threshold=4 -mllvm -reflow-array-promotion-threshold=64 -mllvm -assume-maxi-align=1 -mllvm -reflow-enable-dataflow-strict-mode-checking=1 -ftime-report -mllvm -time-passes -mllvm -reflow-auto-array-partition-mode=default -mllvm -reflow-enable-auto-small-array-partition=true -mllvm -reflow-enable-auto-array-partition-for-flatten=true -mllvm -reflow-enable-auto-parallel-performance-driven=true -mllvm -reflow-enable-partition-for-automation=true -mllvm -reflow-aggregate-bitwidth-threshold=4096 -mllvm -reflow-reserved-saxilite-registers=0 -mllvm -enable-reflow-auto-loop-pipeline -mllvm -reflow-max-unroll-threshold=409600 -mllvm -auto-unroll-tripcount-threshold=0 -mllvm -reflow-assume-no-address-wrap=true -mllvm -reflow-enable-occurrence-inference=true -mllvm -reflow-emit-hint-scope=true -mllvm -reflow-enable-codegen-with-if=true -mllvm -hls -mllvm -disable-inlined-alloca-merging=true -mllvm -default-clock-period=10 -mllvm -use_read_first_ram_in_loop=1 -mllvm -default-clock-uncertainty=2.7 -x ir E:/1_Research/Neuromorphic/NEUROMORPHIC/First_research/fpga_snn_encoding/scripts/snn_rate_encoding/solution1/.autopilot/db/a.g.ld.5.gdce.bc -o E:/1_Research/Neuromorphic/NEUROMORPHIC/First_research/fpga_snn_encoding/scripts/snn_rate_encoding/solution1/.autopilot/db/a.g.lto.bc {-hls-platform-db-name=C:/Xilinx/Vitis_HLS/2024.1\common/technology\xilinx/common/platform.db} -hls-platform-name=zynq_slow -device-resource-info=BRAM_280.000000_DSP_220.000000_FF_106400.000000_LUT_53200.000000_SLICE_13300.000000_URAM_0.000000 -device-name-info=xc7z020clg484-1 2> E:/1_Research/Neuromorphic/NEUROMORPHIC/First_research/fpga_snn_encoding/scripts/snn_rate_encoding/solution1/.autopilot/db/a.g.ld.0.bc.clang.reflow.err.log bg_poll_cmd: ::AP::poll_clang_39_closed_source
Execute         send_msg_by_id INFO @200-1995@%s%s%s 59 Compile/Link E:/1_Research/Neuromorphic/NEUROMORPHIC/First_research/fpga_snn_encoding/scripts/snn_rate_encoding/solution1/syn/report/csynth_design_size.rpt 
INFO: [HLS 200-1995] There were 59 instructions in the design after the 'Compile/Link' phase of compilation. See the Design Size Report for more details: E:/1_Research/Neuromorphic/NEUROMORPHIC/First_research/fpga_snn_encoding/scripts/snn_rate_encoding/solution1/syn/report/csynth_design_size.rpt
Execute         send_msg_by_id INFO @200-1995@%s%s%s 48 Unroll/Inline (step 1) E:/1_Research/Neuromorphic/NEUROMORPHIC/First_research/fpga_snn_encoding/scripts/snn_rate_encoding/solution1/syn/report/csynth_design_size.rpt 
INFO: [HLS 200-1995] There were 48 instructions in the design after the 'Unroll/Inline (step 1)' phase of compilation. See the Design Size Report for more details: E:/1_Research/Neuromorphic/NEUROMORPHIC/First_research/fpga_snn_encoding/scripts/snn_rate_encoding/solution1/syn/report/csynth_design_size.rpt
Execute         send_msg_by_id INFO @200-1995@%s%s%s 41 Unroll/Inline (step 2) E:/1_Research/Neuromorphic/NEUROMORPHIC/First_research/fpga_snn_encoding/scripts/snn_rate_encoding/solution1/syn/report/csynth_design_size.rpt 
INFO: [HLS 200-1995] There were 41 instructions in the design after the 'Unroll/Inline (step 2)' phase of compilation. See the Design Size Report for more details: E:/1_Research/Neuromorphic/NEUROMORPHIC/First_research/fpga_snn_encoding/scripts/snn_rate_encoding/solution1/syn/report/csynth_design_size.rpt
Execute         send_msg_by_id INFO @200-1995@%s%s%s 39 Unroll/Inline (step 3) E:/1_Research/Neuromorphic/NEUROMORPHIC/First_research/fpga_snn_encoding/scripts/snn_rate_encoding/solution1/syn/report/csynth_design_size.rpt 
INFO: [HLS 200-1995] There were 39 instructions in the design after the 'Unroll/Inline (step 3)' phase of compilation. See the Design Size Report for more details: E:/1_Research/Neuromorphic/NEUROMORPHIC/First_research/fpga_snn_encoding/scripts/snn_rate_encoding/solution1/syn/report/csynth_design_size.rpt
Execute         send_msg_by_id INFO @200-1995@%s%s%s 40 Unroll/Inline (step 4) E:/1_Research/Neuromorphic/NEUROMORPHIC/First_research/fpga_snn_encoding/scripts/snn_rate_encoding/solution1/syn/report/csynth_design_size.rpt 
INFO: [HLS 200-1995] There were 40 instructions in the design after the 'Unroll/Inline (step 4)' phase of compilation. See the Design Size Report for more details: E:/1_Research/Neuromorphic/NEUROMORPHIC/First_research/fpga_snn_encoding/scripts/snn_rate_encoding/solution1/syn/report/csynth_design_size.rpt
Execute         send_msg_by_id INFO @200-1995@%s%s%s 40 Array/Struct (step 1) E:/1_Research/Neuromorphic/NEUROMORPHIC/First_research/fpga_snn_encoding/scripts/snn_rate_encoding/solution1/syn/report/csynth_design_size.rpt 
INFO: [HLS 200-1995] There were 40 instructions in the design after the 'Array/Struct (step 1)' phase of compilation. See the Design Size Report for more details: E:/1_Research/Neuromorphic/NEUROMORPHIC/First_research/fpga_snn_encoding/scripts/snn_rate_encoding/solution1/syn/report/csynth_design_size.rpt
Execute         send_msg_by_id INFO @200-1995@%s%s%s 40 Array/Struct (step 2) E:/1_Research/Neuromorphic/NEUROMORPHIC/First_research/fpga_snn_encoding/scripts/snn_rate_encoding/solution1/syn/report/csynth_design_size.rpt 
INFO: [HLS 200-1995] There were 40 instructions in the design after the 'Array/Struct (step 2)' phase of compilation. See the Design Size Report for more details: E:/1_Research/Neuromorphic/NEUROMORPHIC/First_research/fpga_snn_encoding/scripts/snn_rate_encoding/solution1/syn/report/csynth_design_size.rpt
Execute         send_msg_by_id INFO @200-1995@%s%s%s 40 Array/Struct (step 3) E:/1_Research/Neuromorphic/NEUROMORPHIC/First_research/fpga_snn_encoding/scripts/snn_rate_encoding/solution1/syn/report/csynth_design_size.rpt 
INFO: [HLS 200-1995] There were 40 instructions in the design after the 'Array/Struct (step 3)' phase of compilation. See the Design Size Report for more details: E:/1_Research/Neuromorphic/NEUROMORPHIC/First_research/fpga_snn_encoding/scripts/snn_rate_encoding/solution1/syn/report/csynth_design_size.rpt
Execute         send_msg_by_id INFO @200-1995@%s%s%s 40 Array/Struct (step 4) E:/1_Research/Neuromorphic/NEUROMORPHIC/First_research/fpga_snn_encoding/scripts/snn_rate_encoding/solution1/syn/report/csynth_design_size.rpt 
INFO: [HLS 200-1995] There were 40 instructions in the design after the 'Array/Struct (step 4)' phase of compilation. See the Design Size Report for more details: E:/1_Research/Neuromorphic/NEUROMORPHIC/First_research/fpga_snn_encoding/scripts/snn_rate_encoding/solution1/syn/report/csynth_design_size.rpt
Execute         send_msg_by_id INFO @200-1995@%s%s%s 47 Array/Struct (step 5) E:/1_Research/Neuromorphic/NEUROMORPHIC/First_research/fpga_snn_encoding/scripts/snn_rate_encoding/solution1/syn/report/csynth_design_size.rpt 
INFO: [HLS 200-1995] There were 47 instructions in the design after the 'Array/Struct (step 5)' phase of compilation. See the Design Size Report for more details: E:/1_Research/Neuromorphic/NEUROMORPHIC/First_research/fpga_snn_encoding/scripts/snn_rate_encoding/solution1/syn/report/csynth_design_size.rpt
Execute         send_msg_by_id INFO @200-1995@%s%s%s 46 Performance (step 1) E:/1_Research/Neuromorphic/NEUROMORPHIC/First_research/fpga_snn_encoding/scripts/snn_rate_encoding/solution1/syn/report/csynth_design_size.rpt 
INFO: [HLS 200-1995] There were 46 instructions in the design after the 'Performance (step 1)' phase of compilation. See the Design Size Report for more details: E:/1_Research/Neuromorphic/NEUROMORPHIC/First_research/fpga_snn_encoding/scripts/snn_rate_encoding/solution1/syn/report/csynth_design_size.rpt
Execute         send_msg_by_id INFO @200-1995@%s%s%s 45 Performance (step 2) E:/1_Research/Neuromorphic/NEUROMORPHIC/First_research/fpga_snn_encoding/scripts/snn_rate_encoding/solution1/syn/report/csynth_design_size.rpt 
INFO: [HLS 200-1995] There were 45 instructions in the design after the 'Performance (step 2)' phase of compilation. See the Design Size Report for more details: E:/1_Research/Neuromorphic/NEUROMORPHIC/First_research/fpga_snn_encoding/scripts/snn_rate_encoding/solution1/syn/report/csynth_design_size.rpt
Execute         send_msg_by_id INFO @200-1995@%s%s%s 45 Performance (step 3) E:/1_Research/Neuromorphic/NEUROMORPHIC/First_research/fpga_snn_encoding/scripts/snn_rate_encoding/solution1/syn/report/csynth_design_size.rpt 
INFO: [HLS 200-1995] There were 45 instructions in the design after the 'Performance (step 3)' phase of compilation. See the Design Size Report for more details: E:/1_Research/Neuromorphic/NEUROMORPHIC/First_research/fpga_snn_encoding/scripts/snn_rate_encoding/solution1/syn/report/csynth_design_size.rpt
Execute         send_msg_by_id INFO @200-1995@%s%s%s 45 Performance (step 4) E:/1_Research/Neuromorphic/NEUROMORPHIC/First_research/fpga_snn_encoding/scripts/snn_rate_encoding/solution1/syn/report/csynth_design_size.rpt 
INFO: [HLS 200-1995] There were 45 instructions in the design after the 'Performance (step 4)' phase of compilation. See the Design Size Report for more details: E:/1_Research/Neuromorphic/NEUROMORPHIC/First_research/fpga_snn_encoding/scripts/snn_rate_encoding/solution1/syn/report/csynth_design_size.rpt
Execute         send_msg_by_id INFO @200-1995@%s%s%s 57 HW Transforms (step 1) E:/1_Research/Neuromorphic/NEUROMORPHIC/First_research/fpga_snn_encoding/scripts/snn_rate_encoding/solution1/syn/report/csynth_design_size.rpt 
INFO: [HLS 200-1995] There were 57 instructions in the design after the 'HW Transforms (step 1)' phase of compilation. See the Design Size Report for more details: E:/1_Research/Neuromorphic/NEUROMORPHIC/First_research/fpga_snn_encoding/scripts/snn_rate_encoding/solution1/syn/report/csynth_design_size.rpt
Execute         send_msg_by_id INFO @200-1995@%s%s%s 66 HW Transforms (step 2) E:/1_Research/Neuromorphic/NEUROMORPHIC/First_research/fpga_snn_encoding/scripts/snn_rate_encoding/solution1/syn/report/csynth_design_size.rpt 
INFO: [HLS 200-1995] There were 66 instructions in the design after the 'HW Transforms (step 2)' phase of compilation. See the Design Size Report for more details: E:/1_Research/Neuromorphic/NEUROMORPHIC/First_research/fpga_snn_encoding/scripts/snn_rate_encoding/solution1/syn/report/csynth_design_size.rpt
INFO: [HLS 214-178] Inlining function 'lfsr_rand_float()' into 'rate_encoding(float*, signed char (*) [784], unsigned short)' (../src/encoding.cpp:46:0)
INFO: [HLS 214-115] Multiple burst reads of length 784 and bit width 32 in loop 'PIXEL_LOOP'(../src/encoding.cpp:55:21) has been inferred on bundle 'gmem'. These burst requests might be further partitioned into multiple requests during RTL generation, based on max_read_burst_length or max_write_burst_length settings. (../src/encoding.cpp:55:21)
INFO-FLOW: DBG:PUTS: copy_raw_kernel_xml ap_link_39: kernel.xml not generated: E:/1_Research/Neuromorphic/NEUROMORPHIC/First_research/fpga_snn_encoding/scripts/snn_rate_encoding/solution1/.autopilot/db/kernel.internal.xml
INFO: [HLS 200-111] Finished Compiling Optimization and Transform: CPU user time: 0 seconds. CPU system time: 0 seconds. Elapsed time: 8.204 seconds; current allocated memory: 157.934 MB.
INFO: [HLS 200-111] Finished Checking Pragmas: CPU user time: 0 seconds. CPU system time: 0 seconds. Elapsed time: 0.003 seconds; current allocated memory: 157.945 MB.
Execute         opt_and_import_c a -opt_level=2 -skip_syncheck=0 -ng=0 -keep_printf=0 
Execute           cleanup_all_models 
INFO: [HLS 200-10] Starting code transformations ...
INFO-FLOW: Running Standard Transforms...
Execute           transform -hls -share-std-xform -demangle-name -inline-byval-memcpy -always-inline -promote-dbg-pointer -interface-preproc -mem2reg -scalarrepl -mem2reg -keep-read-access -instcombine -dce -promote-dbg-pointer -bitop-raise -loop-simplify -indvarspre -indvars -loop-simplify -constprop -instcombine -simplifycfg -indvars -simplifycfg -dce -globaldce -basicaa -simplifycfg -mem2reg -globalopt -global-constprop -deadargelim -instcombine -simplifycfg -scalarrepl -instcombine -reassociate -licm -simplifycfg -loop-simplify -indvars -instcombine -simplifycfg -mem2reg -loop-simplify -indvars -instcombine -gvn -gvn -instcombine -adce -break-crit-edges -simplifycfg -loop-delete -global-array-opt -dce -dse -adce -find-syn-modules -top rate_encoding -deadargelim -mem2reg -instcombine -dce -presyn-prepare -interface-preproc -syn-check -check-rec-only -find-region -simplifycfg -func-extr -function-inline -globaldce -mem2reg -instcombine -dce -gvn -globaldce -adce -adse -constprop -instcombine -bit-constprop -instcombine -dce -simplifycfg -bitop-raise -simplifycfg -dce -loop-delete -reassociate -globalopt -global-privatize -mem2reg -dce -global-constprop -pointer-simplify -constprop -dce -promote-dbg-pointer -norm-name E:/1_Research/Neuromorphic/NEUROMORPHIC/First_research/fpga_snn_encoding/scripts/snn_rate_encoding/solution1/.autopilot/db/a.g.0.bc -o E:/1_Research/Neuromorphic/NEUROMORPHIC/First_research/fpga_snn_encoding/scripts/snn_rate_encoding/solution1/.autopilot/db/a.g.1.bc -f -phase std-opt 
INFO: [HLS 200-111] Finished Standard Transforms: CPU user time: 0 seconds. CPU system time: 0 seconds. Elapsed time: 0.03 seconds; current allocated memory: 162.387 MB.
INFO: [HLS 200-10] Checking synthesizability ...
INFO-FLOW: Checking Synthesizability 1/2..
Execute           transform -hls -syn-check -check-rec-only -scalarrepl -norm-name -dce -mem2reg -instcombine -directive-preproc -mem2reg -dse -dce -dce -pag -array-normalize -instcombine -dce -array-seg-normalize -instcombine -dce -data-pack -instcombine -dce -inst-simplify -array-flatten -instcombine -dce -array-burst -dce -deadargelim -promote-global-argument -simplifycfg -mem2reg -globaldce -dce -deadargelim -dce -instcombine -function-inline -globaldce -dce -doublePtrSimplify -doublePtrElim -dce -doublePtrSimplify -promote-dbg-pointer -dce -scalarrepl -dse -adse -instcombine -ptrLegalization -simplifycfg -dce -instcombine -pointer-simplify -ptrArgReplace -dce -instcombine -resolve-double-ptr -scalarrepl -norm-name -dce -mem2reg -instcombine -ptrLegalization -simplifycfg -deadargelim -instcombine -dce -inst-simplify -directive-preproc -mem2reg -dse -dce -globaldce E:/1_Research/Neuromorphic/NEUROMORPHIC/First_research/fpga_snn_encoding/scripts/snn_rate_encoding/solution1/.autopilot/db/a.g.1.bc -o E:/1_Research/Neuromorphic/NEUROMORPHIC/First_research/fpga_snn_encoding/scripts/snn_rate_encoding/solution1/.autopilot/db/a.g.2.prechk.bc -f 
INFO-FLOW: Checking Synthesizability 2/2..
Execute           transform -syn-check E:/1_Research/Neuromorphic/NEUROMORPHIC/First_research/fpga_snn_encoding/scripts/snn_rate_encoding/solution1/.autopilot/db/a.g.2.prechk.bc -o E:/1_Research/Neuromorphic/NEUROMORPHIC/First_research/fpga_snn_encoding/scripts/snn_rate_encoding/solution1/.autopilot/db/a.g.2.bc -f -phase syn-check 
INFO: [HLS 200-111] Finished Checking Synthesizability: CPU user time: 0 seconds. CPU system time: 0 seconds. Elapsed time: 0.034 seconds; current allocated memory: 163.906 MB.
INFO-FLOW: Compiler optimizing ...
INFO-FLOW: Share syncheck's 1.bc for syn flow: copy E:/1_Research/Neuromorphic/NEUROMORPHIC/First_research/fpga_snn_encoding/scripts/snn_rate_encoding/solution1/.autopilot/db/a.g.1.bc to E:/1_Research/Neuromorphic/NEUROMORPHIC/First_research/fpga_snn_encoding/scripts/snn_rate_encoding/solution1/.autopilot/db/a.o.1.bc
INFO-FLOW: Presyn 1...
Execute           transform -hls -tmp E:/1_Research/Neuromorphic/NEUROMORPHIC/First_research/fpga_snn_encoding/scripts/snn_rate_encoding/solution1/.autopilot/db -interface-port-rename -directive-preproc -mem2reg -dse -dce -scalarrepl -norm-name -deadargelim -mem2reg -instcombine -dce -simplifycfg -dce -resource-proc -clib-intrinsic-prepare -dce -func-buffer -dce -pag -array-normalize -func-legal -instcombine -gvn -constprop -dce -simplifycfg -mem2reg -globaldce -resolve-double-ptr -dce -deadargelim -dce -instcombine -ptrArgReplace -mem2reg -dce -array-seg-normalize -deadargelim -instcombine -dce -directive-preproc -mem2reg -dse -dce -pointer-simplify -dce -port-alignment -dce -interface-preproc -data-pack -instcombine -dce -basicaa -aggr-aa -aggrmodref-aa -aggr-aa -gvn -gvn -basicaa -aggr-aa -aggrmodref-aa -aggr-aa -dse -adse -adce -loop-simplify -indvars -instcombine -gvn -loop-simplify -mem2reg -dce -find-region -instcombine -inst-simplify -interface-preproc -cfgopt -instcombine -indvars -loop-simplify -loop-bound -constprop -instcombine -simplifycfg -indvars -simplifycfg -dce -globaldce -clean-region -attach-range -gvn -inst-simplify -constprop -simplifycfg -dce -pointer-simplify -dce -globalopt -constprop -dce -array-promote -constprop -dce -ptrArgReplace -mem2reg -simplifycfg -dce -instcombine -dce -array-transform-check -array-reshape -instcombine -simplifycfg -dce -ptrArgReplace -deadargelim -mem2reg -instcombine -simplifycfg -dce -indvars -loop-simplify -loop-bound -constprop -instcombine -simplifycfg -indvars -simplifycfg -dce -globaldce -basicaa -aggr-aa -aggrmodref-aa -aggr-aa -dse -duplicate-dataflow-processes -globaldce -instcombine -array-partition -prepare-dynamic-array-partition -instcombine -simplifycfg -dce -ptrArgReplace -global-constprop -deadargelim -mem2reg -func-legal -dce -global-constprop -deadargelim -mem2reg -simplifycfg -dce -merge-param -deadargelim -globalopt -constprop -dce -array-promote -constprop -dce -ptrArgReplace -mem2reg -simplifycfg -dce -mem-intrinsic-preproc -dce -global-internalize -global-privatize -mem2reg -globaldce -lcssa -loop-simplify -phi-select-elim -promote-global-argument -ptrArgReplace -mem2reg -dce -globalopt -mergereturn -simplify-global-access -mem2reg -dce -pointer-simplify -dce -basicaa -aggr-aa -aggrmodref-aa -aggr-aa -functionattrs -basicaa -aggr-aa -aggrmodref-aa -aggr-aa -gvn -gvn -basicaa -aggr-aa -aggrmodref-aa -aggr-aa -dse -adse -adce -dce -norm-name -basicaa -aggr-aa -aggrmodref-aa -aggr-aa -accesses-merge -function-inline -complex-op-raise -inst-simplify -globaldce -func-legal -dce -loop-bound -arraycheck -bitwidthmin2 -bitwidthmin2 -on-by-dataflow -loop-delete -instcombine -simplifycfg -globaldce -dce -gvn -deadargelim -dce -loop-simplify -clean-region -simplifycfg -propagate-stable-arguments -loop-stream -instcombine -simplifycfg -dce -globaldce -duplicate-dataflow-processes -stream-intrinsic-preproc -dce -check-ap-stream -loop-simplify -eliminate-keepreads -extract-dataflow-in-loop -loop-simplify -dce -gvn -deadargelim -dse -duplicate-dataflow-processes -check-dataflow-syntax -legalize-stream-variable -globaldce -legalize-global -extract-subproc -dce -dead-channel-elimination -canonicalize-gep -globaldce -dce -gvn -hls-dead-arg-elim -deadargelim -directive-preproc -canonicalize-dataflow -dce -globaldce -scalar-preprocessing -scalar-propagation2 -scalar-stream -deadargelim -globaldce -mem2reg -check-dataflow-channels -function-stream -dce -globaldce -prop-fifo-spec -internal-stream-gen -canonicalize-gep -globaldce -dce -gvn -deadargelim -mergereturn -indvars -loop-simplify -instcombine -array-stream -array-seg-normalize -array-partition -clean-array-spec -func-legal -instcombine -simplifycfg -dce -bundle-memfifo-ops -deadargelim -directive-preproc -mem2reg -dse -dce -group-axi-access -licm -simplifycfg -dce -loop-delete -hls-display -norm-name E:/1_Research/Neuromorphic/NEUROMORPHIC/First_research/fpga_snn_encoding/scripts/snn_rate_encoding/solution1/.autopilot/db/a.o.1.bc -o E:/1_Research/Neuromorphic/NEUROMORPHIC/First_research/fpga_snn_encoding/scripts/snn_rate_encoding/solution1/.autopilot/db/a.o.1.tmp.bc -f 
INFO-FLOW: Presyn 2...
Execute           transform -hls -keep-callgraph -scalarrepl -mem2reg -port-alignment -attach-range -dce -pipe-mux-gen -indvars -loop-bound -inst-simplify -instcombine -dce -merge-array-access -mem2reg -dce -clean-region -mergereturn -if-conv -instcombine -dce -constprop -basicaa -aggr-aa -aggrmodref-aa -aggr-aa -gvn -gvn -basicaa -aggr-aa -aggrmodref-aa -aggr-aa -dse -adse -adce -scalarrepl -mem2reg -global-constprop -deadargelim -deadargelim -instcombine -dce -simplifycfg -ptrArgReplace -mem2reg -function-inline -globaldce -mem2reg -instcombine -dce -expr-balance -instcombine -dce -bitwidthmin2 -bitwidthmin2 -interface-preproc -directive-preproc -inst-rectify -instcombine -dce -basicaa -aggr-aa -aggrmodref-aa -aggr-aa -functionattrs -constprop -instcombine -bit-constprop -simplify-global-access -globalopt -globaldce -inst-simplify -instcombine -elimdeaddata -dce -loop-delete -simplifycfg -loop-simplify -barrier -norm-name E:/1_Research/Neuromorphic/NEUROMORPHIC/First_research/fpga_snn_encoding/scripts/snn_rate_encoding/solution1/.autopilot/db/a.o.1.tmp.bc -o E:/1_Research/Neuromorphic/NEUROMORPHIC/First_research/fpga_snn_encoding/scripts/snn_rate_encoding/solution1/.autopilot/db/a.o.2.bc -f -phase presyn 
INFO: [XFORM 203-11] Balancing expressions in function 'rate_encoding' (../src/encoding.cpp:16:21)...3 expression(s) balanced.
INFO: [HLS 200-111] Finished Loop, function and other optimizations: CPU user time: 0 seconds. CPU system time: 0 seconds. Elapsed time: 0.05 seconds; current allocated memory: 185.430 MB.
Execute           transform -hls -auto-function-inline -globaldce -ptrArgReplace -mem2reg -dce -reset-lda -loop-simplify -indvars -aggr-aa -licm -loop-dep -loop-bound -licm -loop-simplify -loop-sink-hoist -flattenloopnest -array-flatten -gvn -instcombine -dce -array-map -dce -func-legal -gvn -adce -instcombine -cfgopt -simplifycfg-lite -loop-simplify -array-burst -promote-global-argument -dce -array-seg-normalize -basicaa -aggrmodref-aa -globalsmodref-aa -aggr-aa -gvn -gvn -basicaa -aggrmodref-aa -globalsmodref-aa -aggr-aa -dse -adse -adce -licm -inst-simplify -dce -globaldce -instcombine -array-stream -eliminate-keepreads -instcombine -dce -deadargelim -doublePtrSimplify -doublePtrElim -dce -doublePtrSimplify -promote-dbg-pointer -dce -scalarrepl -mem2reg -norm-name -mem2reg -instcombine -dse -adse -adce -ptrLegalization -dce -array-flatten -dce -instcombine -check-doubleptr -loop-rot -constprop -inst-simplify -cfgopt -simplifycfg-lite -loop-simplify -indvars -pointer-simplify -dce -loop-bound -loop-simplify -loop-preproc -constprop -global-constprop -gvn -mem2reg -instcombine -dce -loop-bound -loop-merge -dce -deadargelim -dce -canonicalize-dataflow -dce -deadargelim -globaldce -mem2reg -bram-byte-enable -inst-simplify -inst-rectify -instcombine -adce -deadargelim -load-elim -read-loop-dep -loop-simplify -loop-extract-inner -directive-preproc -bitwidthmin2 -bitwidthmin2 -read-loop-dep -interface-preproc -directive-preproc -interface-gen -bram-byte-enable-spec-prop -mul2addshift -deadargelim -inst-simplify -dce -mem2reg -instcombine -gvn -dce -adse -loop-bound -instcombine -cfgopt -simplifycfg-lite -loop-simplify -clean-region -io-protocol -find-region -mem2reg -bitop-raise -complex-op-raise -inst-simplify -inst-rectify -instcombine -adce -deadargelim -float-op-raise -loop-simplify -phi-opt -bitop-raise -cfgopt -simplifycfg-lite -strip-dead-prototypes -interface-lower -bitop-lower -intrinsic-lower -auto-function-inline -basicaa -aggrmodref-aa -globalsmodref-aa -aggr-aa -inst-simplify -simplifycfg-lite -loop-simplify -mergereturn -inst-simplify -inst-rectify -globaldce -dce -load-elim -bitop-lower -float-op-raise -fma-raise -loop-rewind -pointer-simplify -dce -cfgopt -dce -loop-bound -loop-dep -read-loop-dep -dce -dyn-mem-reuse -dce -recurrence-min -dce -share-scalar-alloca -deadargelim -dce -check-stream -norm-name -legalize -inst-clarity -bitwidth -dce -validate-dataflow -dump-loop-dep-to-ir -check-all-ssdm -dump-complexity-metric E:/1_Research/Neuromorphic/NEUROMORPHIC/First_research/fpga_snn_encoding/scripts/snn_rate_encoding/solution1/.autopilot/db/a.o.2.bc -o E:/1_Research/Neuromorphic/NEUROMORPHIC/First_research/fpga_snn_encoding/scripts/snn_rate_encoding/solution1/.autopilot/db/a.o.3.bc -f -phase build-ssdm 
INFO: [HLS 200-2061] Successfully converted nested loops 'TIME_LOOP'(../src/encoding.cpp:54:16) and 'PIXEL_LOOP'(../src/encoding.cpp:55:21) in function 'rate_encoding' into perfectly nested loops.
INFO: [XFORM 203-541] Flattening a loop nest 'TIME_LOOP' (../src/encoding.cpp:54:16) in function 'rate_encoding'.
Execute             auto_get_db
INFO-FLOW: Building ssdm...
Execute           transform -hls -cdfg-build E:/1_Research/Neuromorphic/NEUROMORPHIC/First_research/fpga_snn_encoding/scripts/snn_rate_encoding/solution1/.autopilot/db/a.o.3.bc -o E:/1_Research/Neuromorphic/NEUROMORPHIC/First_research/fpga_snn_encoding/scripts/snn_rate_encoding/solution1/.autopilot/db/a.o.3.bc -f -phase build-ssdm 
INFO: [HLS 200-111] Finished Architecture Synthesis: CPU user time: 0 seconds. CPU system time: 0 seconds. Elapsed time: 0.074 seconds; current allocated memory: 185.449 MB.
INFO-FLOW: Finish building internal data model.
Command         opt_and_import_c done; 0.201 sec.
Command       elaborate done; 10.13 sec.
Execute       ap_eval exec zip -j E:/1_Research/Neuromorphic/NEUROMORPHIC/First_research/fpga_snn_encoding/scripts/snn_rate_encoding/solution1/.autopilot/db/dut.hcp $dbDir/a.o.3.bc $dbDir/${topname}.rtl_wrap.cfg.tcl $dbDir/apatb_${topname}.cpp $dbDir/apatb_${topname}_util.cpp $dbDir/apatb_${topname}_ir.ll $dbDir/mapper_${topname}.cpp $dbDir/top-io-fe.xml $dbDir/kernel.internal.xml $workdir/../hls.app 
Execute       autosyn -from_csynth_design=1 
INFO: [HLS 200-10] Starting hardware synthesis ...
INFO-FLOW: Synthesizing C/C++ design ...
INFO: [HLS 200-10] Synthesizing 'rate_encoding' ...
Execute         ap_set_top_model rate_encoding 
Execute         get_model_list rate_encoding -filter all-wo-channel -topdown 
Execute         preproc_iomode -model rate_encoding 
Execute         get_model_list rate_encoding -filter all-wo-channel 
INFO-FLOW: Model list for configure: rate_encoding
INFO-FLOW: Configuring Module : rate_encoding ...
Execute         set_default_model rate_encoding 
Execute         apply_spec_resource_limit rate_encoding 
INFO-FLOW: Model list for preprocess: rate_encoding
INFO-FLOW: Preprocessing Module: rate_encoding ...
Execute         set_default_model rate_encoding 
Execute         cdfg_preprocess -model rate_encoding 
Execute         rtl_gen_preprocess rate_encoding 
INFO-FLOW: Model list for synthesis: rate_encoding
INFO: [HLS 200-10] ----------------------------------------------------------------
INFO: [HLS 200-42] -- Implementing module 'rate_encoding' 
INFO: [HLS 200-10] ----------------------------------------------------------------
Execute         set_default_model rate_encoding 
Execute         schedule -model rate_encoding 
INFO: [SCHED 204-11] Starting scheduling ...
INFO: [SCHED 204-61] Pipelining loop 'TIME_LOOP_PIXEL_LOOP'.
INFO: [SCHED 204-61] Discarding stage scheduling solution.
INFO: [HLS 200-1470] Pipelining result : Target II = 1, Final II = 1, Depth = 20, loop 'TIME_LOOP_PIXEL_LOOP'
INFO: [SCHED 204-11] Finished scheduling.
Command         schedule done; 0.132 sec.
INFO: [HLS 200-111] Finished Scheduling: CPU user time: 0 seconds. CPU system time: 0 seconds. Elapsed time: 0.243 seconds; current allocated memory: 185.449 MB.
Execute         syn_report -verbosereport -o E:/1_Research/Neuromorphic/NEUROMORPHIC/First_research/fpga_snn_encoding/scripts/snn_rate_encoding/solution1/.autopilot/db/rate_encoding.verbose.sched.rpt 
Execute           list_part -family xc7z020-clg484-1 
Execute             ap_family_info -name xc7z020-clg484-1 -data names 
Execute             ap_part_info -quiet -name xc7z020-clg484-1 -data family 
WARNING: [HLS 200-2049] Adding the rewind optimization to the pipelined process 'TIME_LOOP_PIXEL_LOOP' with inout ports inside a dataflow region can result in the creation of loop-carried dependencies and errors. Use caution when adding the rewind optimization to such loops.
Execute         db_write -o E:/1_Research/Neuromorphic/NEUROMORPHIC/First_research/fpga_snn_encoding/scripts/snn_rate_encoding/solution1/.autopilot/db/rate_encoding.sched.adb -f 
INFO-FLOW: Finish scheduling rate_encoding.
Execute         set_default_model rate_encoding 
Execute         bind -model rate_encoding 
INFO: [BIND 205-100] Starting micro-architecture generation ...
INFO: [BIND 205-101] Performing variable lifetime analysis.
INFO: [BIND 205-101] Exploring resource sharing.
INFO: [BIND 205-101] Binding ...
INFO: [BIND 205-100] Finished micro-architecture generation.
INFO: [HLS 200-111] Finished Binding: CPU user time: 0 seconds. CPU system time: 0 seconds. Elapsed time: 0.096 seconds; current allocated memory: 185.449 MB.
Execute         syn_report -verbosereport -o E:/1_Research/Neuromorphic/NEUROMORPHIC/First_research/fpga_snn_encoding/scripts/snn_rate_encoding/solution1/.autopilot/db/rate_encoding.verbose.bind.rpt 
Execute           list_part -family xc7z020-clg484-1 
Execute             ap_family_info -name xc7z020-clg484-1 -data names 
Execute             ap_part_info -quiet -name xc7z020-clg484-1 -data family 
Execute         db_write -o E:/1_Research/Neuromorphic/NEUROMORPHIC/First_research/fpga_snn_encoding/scripts/snn_rate_encoding/solution1/.autopilot/db/rate_encoding.bind.adb -f 
INFO-FLOW: Finish binding rate_encoding.
Execute         get_model_list rate_encoding -filter all-wo-channel 
INFO-FLOW: Preprocessing for RTLGen ...
Execute         rtl_gen_preprocess rate_encoding 
INFO-FLOW: Model list for RTL generation: rate_encoding
INFO: [HLS 200-10] ----------------------------------------------------------------
INFO: [HLS 200-10] -- Generating RTL for module 'rate_encoding' 
INFO: [HLS 200-10] ----------------------------------------------------------------
Execute         create_rtl_model rate_encoding -top_prefix  -sub_prefix rate_encoding_ -mg_file E:/1_Research/Neuromorphic/NEUROMORPHIC/First_research/fpga_snn_encoding/scripts/snn_rate_encoding/solution1/.autopilot/db/rate_encoding.compgen.tcl 
WARNING: [RTGEN 206-101] Design contains AXI ports. Reset is fixed to synchronous and active low.
INFO: [RTGEN 206-500] Setting interface mode on port 'rate_encoding/gmem' to 'm_axi'.
INFO: [RTGEN 206-500] Setting interface mode on port 'rate_encoding/img' to 's_axilite & ap_none'.
INFO: [RTGEN 206-500] Setting interface mode on port 'rate_encoding/spikes' to 's_axilite & ap_none'.
INFO: [RTGEN 206-500] Setting interface mode on port 'rate_encoding/seed' to 's_axilite & ap_none'.
INFO: [RTGEN 206-500] Setting interface mode on function 'rate_encoding' to 's_axilite & ap_ctrl_hs'.
INFO: [HLS 200-1030] Apply Unified Pipeline Control on module 'rate_encoding' pipeline 'TIME_LOOP_PIXEL_LOOP' pipeline type 'loop pipeline'
INFO: [RTGEN 206-100] Bundling port 'img', 'spikes', 'seed' and 'return' to AXI-Lite port control.
INFO: [RTGEN 206-100] Generating core module 'fcmp_32ns_32ns_1_2_no_dsp_1': 1 instance(s).
INFO: [RTGEN 206-100] Generating core module 'fmul_32ns_32ns_32_4_max_dsp_1': 1 instance(s).
INFO: [RTGEN 206-100] Generating core module 'mul_5ns_11ns_15_1_1': 1 instance(s).
INFO: [RTGEN 206-100] Generating core module 'uitofp_32ns_32_6_no_dsp_1': 1 instance(s).
INFO: [RTGEN 206-100] Finished creating RTL model for 'rate_encoding'.
Command         create_rtl_model done; 0.227 sec.
INFO: [HLS 200-111] Finished Creating RTL model: CPU user time: 0 seconds. CPU system time: 0 seconds. Elapsed time: 0.299 seconds; current allocated memory: 188.621 MB.
Execute         source E:/1_Research/Neuromorphic/NEUROMORPHIC/First_research/fpga_snn_encoding/scripts/snn_rate_encoding/solution1/.autopilot/db/rate_encoding.rtl_wrap.cfg.tcl 
Execute         gen_rtl rate_encoding -istop -style xilinx -f -lang vhdl -o E:/1_Research/Neuromorphic/NEUROMORPHIC/First_research/fpga_snn_encoding/scripts/snn_rate_encoding/solution1/syn/vhdl/rate_encoding 
Execute         gen_rtl rate_encoding -istop -style xilinx -f -lang vlog -o E:/1_Research/Neuromorphic/NEUROMORPHIC/First_research/fpga_snn_encoding/scripts/snn_rate_encoding/solution1/syn/verilog/rate_encoding 
Execute         syn_report -csynth -model rate_encoding -o E:/1_Research/Neuromorphic/NEUROMORPHIC/First_research/fpga_snn_encoding/scripts/snn_rate_encoding/solution1/syn/report/rate_encoding_csynth.rpt 
Execute           list_part -family xc7z020-clg484-1 
Execute             ap_family_info -name xc7z020-clg484-1 -data names 
Execute             ap_part_info -quiet -name xc7z020-clg484-1 -data family 
Execute         syn_report -rtlxml -model rate_encoding -o E:/1_Research/Neuromorphic/NEUROMORPHIC/First_research/fpga_snn_encoding/scripts/snn_rate_encoding/solution1/syn/report/rate_encoding_csynth.xml 
Execute           list_part -family xc7z020-clg484-1 
Execute             ap_family_info -name xc7z020-clg484-1 -data names 
Execute             ap_part_info -quiet -name xc7z020-clg484-1 -data family 
Execute         syn_report -verbosereport -model rate_encoding -o E:/1_Research/Neuromorphic/NEUROMORPHIC/First_research/fpga_snn_encoding/scripts/snn_rate_encoding/solution1/.autopilot/db/rate_encoding.verbose.rpt 
Execute           list_part -family xc7z020-clg484-1 
Execute             ap_family_info -name xc7z020-clg484-1 -data names 
Execute             ap_part_info -quiet -name xc7z020-clg484-1 -data family 
Execute         db_write -model rate_encoding -f -o E:/1_Research/Neuromorphic/NEUROMORPHIC/First_research/fpga_snn_encoding/scripts/snn_rate_encoding/solution1/.autopilot/db/rate_encoding.adb 
Execute         db_write -model rate_encoding -bindview -o E:/1_Research/Neuromorphic/NEUROMORPHIC/First_research/fpga_snn_encoding/scripts/snn_rate_encoding/solution1/.autopilot/db/design.bindinfo.xml 
Execute         gen_tb_info rate_encoding -p E:/1_Research/Neuromorphic/NEUROMORPHIC/First_research/fpga_snn_encoding/scripts/snn_rate_encoding/solution1/.autopilot/db -o E:/1_Research/Neuromorphic/NEUROMORPHIC/First_research/fpga_snn_encoding/scripts/snn_rate_encoding/solution1/.autopilot/db/rate_encoding 
Execute         export_constraint_db -f -tool general -o E:/1_Research/Neuromorphic/NEUROMORPHIC/First_research/fpga_snn_encoding/scripts/snn_rate_encoding/solution1/.autopilot/db/rate_encoding.constraint.tcl 
Execute         syn_report -designview -model rate_encoding -o E:/1_Research/Neuromorphic/NEUROMORPHIC/First_research/fpga_snn_encoding/scripts/snn_rate_encoding/solution1/.autopilot/db/rate_encoding.design.xml 
Execute         syn_report -csynthDesign -model rate_encoding -o E:/1_Research/Neuromorphic/NEUROMORPHIC/First_research/fpga_snn_encoding/scripts/snn_rate_encoding/solution1/syn/report/csynth.rpt -MHOut E:/1_Research/Neuromorphic/NEUROMORPHIC/First_research/fpga_snn_encoding/scripts/snn_rate_encoding/solution1/.autopilot/db/kernel_module_hierarchy.tcl 
Execute           list_part -family xc7z020-clg484-1 
Execute             ap_family_info -name xc7z020-clg484-1 -data names 
Execute             ap_part_info -quiet -name xc7z020-clg484-1 -data family 
Execute         syn_report -wcfg -model rate_encoding -o E:/1_Research/Neuromorphic/NEUROMORPHIC/First_research/fpga_snn_encoding/scripts/snn_rate_encoding/solution1/.autopilot/db/rate_encoding_dataflow_ana.wcfg 
Execute         syn_report -protoinst -model rate_encoding -o E:/1_Research/Neuromorphic/NEUROMORPHIC/First_research/fpga_snn_encoding/scripts/snn_rate_encoding/solution1/.autopilot/db/rate_encoding.protoinst 
Execute         sc_get_clocks rate_encoding 
Execute         sc_get_portdomain rate_encoding 
INFO-FLOW: Model list for RTL component generation: rate_encoding
INFO-FLOW: Handling components in module [rate_encoding] ... 
Execute         source E:/1_Research/Neuromorphic/NEUROMORPHIC/First_research/fpga_snn_encoding/scripts/snn_rate_encoding/solution1/.autopilot/db/rate_encoding.compgen.tcl 
INFO-FLOW: Found component rate_encoding_fmul_32ns_32ns_32_4_max_dsp_1.
INFO-FLOW: Append model rate_encoding_fmul_32ns_32ns_32_4_max_dsp_1
INFO-FLOW: Found component rate_encoding_uitofp_32ns_32_6_no_dsp_1.
INFO-FLOW: Append model rate_encoding_uitofp_32ns_32_6_no_dsp_1
INFO-FLOW: Found component rate_encoding_fcmp_32ns_32ns_1_2_no_dsp_1.
INFO-FLOW: Append model rate_encoding_fcmp_32ns_32ns_1_2_no_dsp_1
INFO-FLOW: Found component rate_encoding_mul_5ns_11ns_15_1_1.
INFO-FLOW: Append model rate_encoding_mul_5ns_11ns_15_1_1
INFO-FLOW: Found component rate_encoding_gmem_m_axi.
INFO-FLOW: Append model rate_encoding_gmem_m_axi
INFO-FLOW: Found component rate_encoding_control_s_axi.
INFO-FLOW: Append model rate_encoding_control_s_axi
INFO-FLOW: Found component rate_encoding_flow_control_loop_delay_pipe.
INFO-FLOW: Append model rate_encoding_flow_control_loop_delay_pipe
INFO-FLOW: Append model rate_encoding
INFO-FLOW: Generating RTL model list ...
INFO-FLOW: All models in this session: rate_encoding_fmul_32ns_32ns_32_4_max_dsp_1 rate_encoding_uitofp_32ns_32_6_no_dsp_1 rate_encoding_fcmp_32ns_32ns_1_2_no_dsp_1 rate_encoding_mul_5ns_11ns_15_1_1 rate_encoding_gmem_m_axi rate_encoding_control_s_axi rate_encoding_flow_control_loop_delay_pipe rate_encoding
INFO-FLOW: Generating E:/1_Research/Neuromorphic/NEUROMORPHIC/First_research/fpga_snn_encoding/scripts/snn_rate_encoding/solution1/.autopilot/db/autopilot.rtl.models.txt file...
INFO-FLOW: To file: write model rate_encoding_fmul_32ns_32ns_32_4_max_dsp_1
INFO-FLOW: To file: write model rate_encoding_uitofp_32ns_32_6_no_dsp_1
INFO-FLOW: To file: write model rate_encoding_fcmp_32ns_32ns_1_2_no_dsp_1
INFO-FLOW: To file: write model rate_encoding_mul_5ns_11ns_15_1_1
INFO-FLOW: To file: write model rate_encoding_gmem_m_axi
INFO-FLOW: To file: write model rate_encoding_control_s_axi
INFO-FLOW: To file: write model rate_encoding_flow_control_loop_delay_pipe
INFO-FLOW: To file: write model rate_encoding
INFO-FLOW: Generating E:/1_Research/Neuromorphic/NEUROMORPHIC/First_research/fpga_snn_encoding/scripts/snn_rate_encoding/solution1/.autopilot/db/autopilot.rtl.models.tcl file...
INFO-FLOW: Finished generating RTL model list.


INFO-FLOW: RTL Generation done.
INFO-FLOW: CAS Generation done.
INFO-FLOW: CBC Generation done.
INFO-FLOW: DBG:PROC: ::AESL_AUTOMG::auto_generate_csynth_design
INFO-FLOW: DBG:PUTS: read_platform_lib E:/1_Research/Neuromorphic/NEUROMORPHIC/First_research/fpga_snn_encoding/scripts/snn_rate_encoding/solution1/.autopilot/db/global.setting.tcl
Execute         source C:/Xilinx/Vitis_HLS/2024.1/common/technology/generic/autopilot/common.gen 
Execute           source C:/Xilinx/Vitis_HLS/2024.1/common/technology/generic/autopilot/APCoreGen.gen 
Execute         source C:/Xilinx/Vitis_HLS/2024.1/common/technology/generic/autopilot/op.gen 
Execute         source C:/Xilinx/Vitis_HLS/2024.1/common/technology/generic/autopilot/op_simcore.gen 
Execute         source C:/Xilinx/Vitis_HLS/2024.1/common/technology/generic/autopilot/interface.gen 
Execute         source E:/1_Research/Neuromorphic/NEUROMORPHIC/First_research/fpga_snn_encoding/scripts/snn_rate_encoding/solution1/.autopilot/db/global.setting.tcl 
Execute         source C:/Xilinx/Vitis_HLS/2024.1/common/technology/xilinx/common/xilinx.gen 
Execute           source C:/Xilinx/Vitis_HLS/2024.1/common/technology/xilinx/interface/plb46.gen 
Execute           source C:/Xilinx/Vitis_HLS/2024.1/common/technology/xilinx/interface/axi4.gen 
Execute           source C:/Xilinx/Vitis_HLS/2024.1/common/technology/xilinx/interface/nativeAXI4.gen 
Execute             source C:/Xilinx/Vitis_HLS/2024.1/common/technology/xilinx/interface/saxilite.gen 
Execute           source C:/Xilinx/Vitis_HLS/2024.1/common/technology/xilinx/scripts/xilinxcoregen.gen 
Execute           source C:/Xilinx/Vitis_HLS/2024.1/common/technology/xilinx/interface/XilEDKCoreGen.gen 
Execute           source C:/Xilinx/Vitis_HLS/2024.1/common/technology/xilinx/ip/dds_compiler.gen 
Execute           source C:/Xilinx/Vitis_HLS/2024.1/common/technology/xilinx/ip/util.gen 
Execute           source C:/Xilinx/Vitis_HLS/2024.1/common/technology/xilinx/ip/xfft.gen 
Execute           source C:/Xilinx/Vitis_HLS/2024.1/common/technology/xilinx/ip/xfir.gen 
Execute           source C:/Xilinx/Vitis_HLS/2024.1/common/technology/xilinx/DSP48/dsp48.gen 
INFO-FLOW: DBG:PUTS:   using AESL_AUTOCG::g_clock_period=10.000 (was NA)
INFO-FLOW: DBG:PROC: ::AESL_AUTOMG::generate_ip_cores gen_sim_model='1' gen_fp_models='0' gen_for_export='0' dstSCDir='' dstVhdlDir='E:/1_Research/Neuromorphic/NEUROMORPHIC/First_research/fpga_snn_encoding/scripts/snn_rate_encoding/solution1/.autopilot/db/vhdl' dstVlogDir='E:/1_Research/Neuromorphic/NEUROMORPHIC/First_research/fpga_snn_encoding/scripts/snn_rate_encoding/solution1/.autopilot/db/vlog' tclDir='E:/1_Research/Neuromorphic/NEUROMORPHIC/First_research/fpga_snn_encoding/scripts/snn_rate_encoding/solution1/.autopilot/db' modelList='rate_encoding_fmul_32ns_32ns_32_4_max_dsp_1
rate_encoding_uitofp_32ns_32_6_no_dsp_1
rate_encoding_fcmp_32ns_32ns_1_2_no_dsp_1
rate_encoding_mul_5ns_11ns_15_1_1
rate_encoding_gmem_m_axi
rate_encoding_control_s_axi
rate_encoding_flow_control_loop_delay_pipe
rate_encoding
' expOnly='0'
Execute         source E:/1_Research/Neuromorphic/NEUROMORPHIC/First_research/fpga_snn_encoding/scripts/snn_rate_encoding/solution1/.autopilot/db/global.setting.tcl 
Execute         ap_part_info -name xc7z020-clg484-1 -data names -quiet 
Execute         ap_part_info -name xc7z020-clg484-1 -data info -quiet 
Execute         source E:/1_Research/Neuromorphic/NEUROMORPHIC/First_research/fpga_snn_encoding/scripts/snn_rate_encoding/solution1/.autopilot/db/global.setting.tcl 
Execute         source E:/1_Research/Neuromorphic/NEUROMORPHIC/First_research/fpga_snn_encoding/scripts/snn_rate_encoding/solution1/.autopilot/db/global.setting.tcl 
Execute         source E:/1_Research/Neuromorphic/NEUROMORPHIC/First_research/fpga_snn_encoding/scripts/snn_rate_encoding/solution1/.autopilot/db/rate_encoding.compgen.tcl 
Execute           source ./control.slave.tcl 
INFO: [HLS 200-111] Finished Generating all RTL models: CPU user time: 0 seconds. CPU system time: 0 seconds. Elapsed time: 0.566 seconds; current allocated memory: 193.848 MB.
INFO-FLOW: DBG:PROC: ::HLSREPORTS::create_csynth_xml bind_info_var='bind_info' RtlSubPrefix='rate_encoding_' outfile=''
INFO-FLOW: Running: create_csynth_xml read xml data
INFO-FLOW: Done: create_csynth_xml read xml data time: 0 seconds per iteration
INFO-FLOW: Running: create_csynth_xml bind info
INFO-FLOW: Done: create_csynth_xml bind info time: 0 seconds per iteration
INFO-FLOW: Running: create_csynth_xml config info
INFO-FLOW: Done: create_csynth_xml config info time: 0.2 seconds per iteration
INFO-FLOW: Running: create_csynth_xml write xml
INFO-FLOW: Done: create_csynth_xml write xml time: 0 seconds per iteration
INFO-FLOW: DBG:PUTS:      create_csynth_xml wrote csynth_xml=E:/1_Research/Neuromorphic/NEUROMORPHIC/First_research/fpga_snn_encoding/scripts/snn_rate_encoding/solution1/syn/report/csynth.xml
INFO-FLOW: DBG:PROC: ::AP::DESIGN_DATA::generate_json generate_bd_files='0' generate_xo_files='0' modelList='rate_encoding_fmul_32ns_32ns_32_4_max_dsp_1
rate_encoding_uitofp_32ns_32_6_no_dsp_1
rate_encoding_fcmp_32ns_32ns_1_2_no_dsp_1
rate_encoding_mul_5ns_11ns_15_1_1
rate_encoding_gmem_m_axi
rate_encoding_control_s_axi
rate_encoding_flow_control_loop_delay_pipe
rate_encoding
' rtl_lang='both' bootstrap_tcl='false' outdir='' outfilename=''
Execute         source E:/1_Research/Neuromorphic/NEUROMORPHIC/First_research/fpga_snn_encoding/scripts/snn_rate_encoding/solution1/.autopilot/db/global.setting.tcl 
Execute         source E:/1_Research/Neuromorphic/NEUROMORPHIC/First_research/fpga_snn_encoding/scripts/snn_rate_encoding/solution1/.autopilot/db/global.setting.tcl 
Execute         source E:/1_Research/Neuromorphic/NEUROMORPHIC/First_research/fpga_snn_encoding/scripts/snn_rate_encoding/solution1/.autopilot/db/top-io-be.tcl 
Execute         source E:/1_Research/Neuromorphic/NEUROMORPHIC/First_research/fpga_snn_encoding/scripts/snn_rate_encoding/solution1/.autopilot/db/rate_encoding.tbgen.tcl 
Execute         source E:/1_Research/Neuromorphic/NEUROMORPHIC/First_research/fpga_snn_encoding/scripts/snn_rate_encoding/solution1/.autopilot/db/rate_encoding.compgen.dataonly.tcl 
Execute         source E:/1_Research/Neuromorphic/NEUROMORPHIC/First_research/fpga_snn_encoding/scripts/snn_rate_encoding/solution1/.autopilot/db/rate_encoding.compgen.dataonly.tcl 
Execute         source E:/1_Research/Neuromorphic/NEUROMORPHIC/First_research/fpga_snn_encoding/scripts/snn_rate_encoding/solution1/.autopilot/db/rate_encoding.rtl_wrap.cfg.tcl 
Execute         source E:/1_Research/Neuromorphic/NEUROMORPHIC/First_research/fpga_snn_encoding/scripts/snn_rate_encoding/solution1/.autopilot/db/rate_encoding.compgen.dataonly.tcl 
Execute         source E:/1_Research/Neuromorphic/NEUROMORPHIC/First_research/fpga_snn_encoding/scripts/snn_rate_encoding/solution1/.autopilot/db/rate_encoding.tbgen.tcl 
Execute         source E:/1_Research/Neuromorphic/NEUROMORPHIC/First_research/fpga_snn_encoding/scripts/snn_rate_encoding/solution1/.autopilot/db/global.setting.tcl 
Execute         ap_part_info -name xc7z020-clg484-1 -data names -quiet 
Execute         ap_part_info -name xc7z020-clg484-1 -data info -quiet 
Execute         source E:/1_Research/Neuromorphic/NEUROMORPHIC/First_research/fpga_snn_encoding/scripts/snn_rate_encoding/solution1/.autopilot/db/rate_encoding.constraint.tcl 
Execute         sc_get_clocks rate_encoding 
Execute         source E:/1_Research/Neuromorphic/NEUROMORPHIC/First_research/fpga_snn_encoding/scripts/snn_rate_encoding/solution1/.autopilot/db/global.setting.tcl 
Execute         source E:/1_Research/Neuromorphic/NEUROMORPHIC/First_research/fpga_snn_encoding/scripts/snn_rate_encoding/solution1/impl/misc/rate_encoding_fcmp_32ns_32ns_1_2_no_dsp_1_ip.tcl 
Execute         source E:/1_Research/Neuromorphic/NEUROMORPHIC/First_research/fpga_snn_encoding/scripts/snn_rate_encoding/solution1/impl/misc/rate_encoding_fmul_32ns_32ns_32_4_max_dsp_1_ip.tcl 
Execute         source E:/1_Research/Neuromorphic/NEUROMORPHIC/First_research/fpga_snn_encoding/scripts/snn_rate_encoding/solution1/impl/misc/rate_encoding_uitofp_32ns_32_6_no_dsp_1_ip.tcl 
INFO-FLOW: DBG:PROC: ::HLSREPORTS::add_csynth_report_sections bind_info_dict='adapter_nodes {{BINDTYPE adapter ID {} IMPL {} LATENCY {} OPTYPE {} PRAGMA {} RTLNAME control_s_axi_U SOURCE {} VARIABLE {} LOOP {} BUNDLEDNAME control DSP 0 BRAM 0 URAM 0 STORAGESUBTYPE s_axilite STORAGESIZE {} STORAGEUSAGE interface DISPNAME {bind_adapter }} {BINDTYPE adapter ID {} IMPL {} LATENCY {} OPTYPE {} PRAGMA {} RTLNAME gmem_m_axi_U SOURCE {} VARIABLE {} LOOP {} BUNDLEDNAME gmem DSP 0 BRAM 4 URAM 0 STORAGESUBTYPE m_axi STORAGESIZE {} STORAGEUSAGE interface DISPNAME {bind_adapter }}} cache_nodes {} report_dict {TOPINST rate_encoding MODULE2INSTS {rate_encoding rate_encoding} INST2MODULE {rate_encoding rate_encoding} INSTDATA {rate_encoding {DEPTH 1 CHILDREN {}}} MODULEDATA {rate_encoding {BINDINFO {{BINDTYPE op ID {} IMPL auto_sel LATENCY 0 OPTYPE select PRAGMA {} RTLNAME select_ln54_fu_277_p3 SOURCE ../src/encoding.cpp:54 VARIABLE select_ln54 LOOP TIME_LOOP_PIXEL_LOOP BUNDLEDNAME {} DSP 0 BRAM 0 URAM 0 STORAGESUBTYPE {} DISPNAME {bind_op select} VISIBLE false} {BINDTYPE op ID {} IMPL auto_sel LATENCY 0 OPTYPE select PRAGMA {} RTLNAME t_fu_427_p3 SOURCE ../src/encoding.cpp:54 VARIABLE t LOOP TIME_LOOP_PIXEL_LOOP BUNDLEDNAME {} DSP 0 BRAM 0 URAM 0 STORAGESUBTYPE {} DISPNAME {bind_op select} VISIBLE false} {BINDTYPE op ID {} IMPL auto LATENCY 0 OPTYPE seteq PRAGMA {} RTLNAME first_iter_0_fu_285_p2 SOURCE ../src/encoding.cpp:54 VARIABLE first_iter_0 LOOP TIME_LOOP_PIXEL_LOOP BUNDLEDNAME {} DSP 0 BRAM 0 URAM 0 STORAGESUBTYPE {} DISPNAME {bind_op seteq} VISIBLE false} {BINDTYPE op ID {} IMPL fabric LATENCY 0 OPTYPE add PRAGMA {} RTLNAME add_ln54_1_fu_291_p2 SOURCE ../src/encoding.cpp:54 VARIABLE add_ln54_1 LOOP TIME_LOOP_PIXEL_LOOP BUNDLEDNAME {} DSP 0 BRAM 0 URAM 0 STORAGESUBTYPE {} DISPNAME {bind_op add} VISIBLE true} {BINDTYPE op ID {} IMPL auto LATENCY 0 OPTYPE mul PRAGMA {} RTLNAME mul_5ns_11ns_15_1_1_U4 SOURCE ../src/encoding.cpp:55 VARIABLE mul_ln55 LOOP TIME_LOOP_PIXEL_LOOP BUNDLEDNAME {} DSP 1 BRAM 0 URAM 0 STORAGESUBTYPE {} DISPNAME {bind_op mul} VISIBLE true} {BINDTYPE op ID {} IMPL auto LATENCY 0 OPTYPE xor PRAGMA {} RTLNAME xor_ln18_2_fu_338_p2 SOURCE ../src/encoding.cpp:18 VARIABLE xor_ln18_2 LOOP TIME_LOOP_PIXEL_LOOP BUNDLEDNAME {} DSP 0 BRAM 0 URAM 0 STORAGESUBTYPE {} DISPNAME {bind_op xor} VISIBLE false} {BINDTYPE op ID {} IMPL auto LATENCY 0 OPTYPE xor PRAGMA {} RTLNAME xor_ln18_1_fu_344_p2 SOURCE ../src/encoding.cpp:18 VARIABLE xor_ln18_1 LOOP TIME_LOOP_PIXEL_LOOP BUNDLEDNAME {} DSP 0 BRAM 0 URAM 0 STORAGESUBTYPE {} DISPNAME {bind_op xor} VISIBLE false} {BINDTYPE op ID {} IMPL auto LATENCY 0 OPTYPE xor PRAGMA {} RTLNAME xor_ln18_fu_350_p2 SOURCE ../src/encoding.cpp:18 VARIABLE xor_ln18 LOOP TIME_LOOP_PIXEL_LOOP BUNDLEDNAME {} DSP 0 BRAM 0 URAM 0 STORAGESUBTYPE {} DISPNAME {bind_op xor} VISIBLE false} {BINDTYPE op ID {} IMPL auto LATENCY 5 OPTYPE uitofp PRAGMA {} RTLNAME uitofp_32ns_32_6_no_dsp_1_U2 SOURCE ../src/encoding.cpp:21 VARIABLE conv_i LOOP TIME_LOOP_PIXEL_LOOP BUNDLEDNAME {} DSP 0 BRAM 0 URAM 0 STORAGESUBTYPE {} DISPNAME {bind_op uitofp} VISIBLE false} {BINDTYPE op ID {} IMPL maxdsp LATENCY 3 OPTYPE fmul PRAGMA {} RTLNAME fmul_32ns_32ns_32_4_max_dsp_1_U1 SOURCE ../src/encoding.cpp:21 VARIABLE rand_val LOOP TIME_LOOP_PIXEL_LOOP BUNDLEDNAME {} DSP 3 BRAM 0 URAM 0 STORAGESUBTYPE {} DISPNAME {bind_op fmul} VISIBLE true} {BINDTYPE op ID {} IMPL auto LATENCY 0 OPTYPE setne PRAGMA {} RTLNAME icmp_ln62_fu_466_p2 SOURCE ../src/encoding.cpp:62 VARIABLE icmp_ln62 LOOP TIME_LOOP_PIXEL_LOOP BUNDLEDNAME {} DSP 0 BRAM 0 URAM 0 STORAGESUBTYPE {} DISPNAME {bind_op setne} VISIBLE false} {BINDTYPE op ID {} IMPL auto LATENCY 0 OPTYPE seteq PRAGMA {} RTLNAME icmp_ln62_1_fu_472_p2 SOURCE ../src/encoding.cpp:62 VARIABLE icmp_ln62_1 LOOP TIME_LOOP_PIXEL_LOOP BUNDLEDNAME {} DSP 0 BRAM 0 URAM 0 STORAGESUBTYPE {} DISPNAME {bind_op seteq} VISIBLE false} {BINDTYPE op ID {} IMPL auto LATENCY 0 OPTYPE or PRAGMA {} RTLNAME or_ln62_fu_535_p2 SOURCE ../src/encoding.cpp:62 VARIABLE or_ln62 LOOP TIME_LOOP_PIXEL_LOOP BUNDLEDNAME {} DSP 0 BRAM 0 URAM 0 STORAGESUBTYPE {} DISPNAME {bind_op or} VISIBLE false} {BINDTYPE op ID {} IMPL auto LATENCY 0 OPTYPE setne PRAGMA {} RTLNAME icmp_ln62_2_fu_411_p2 SOURCE ../src/encoding.cpp:62 VARIABLE icmp_ln62_2 LOOP TIME_LOOP_PIXEL_LOOP BUNDLEDNAME {} DSP 0 BRAM 0 URAM 0 STORAGESUBTYPE {} DISPNAME {bind_op setne} VISIBLE false} {BINDTYPE op ID {} IMPL auto LATENCY 0 OPTYPE seteq PRAGMA {} RTLNAME icmp_ln62_3_fu_416_p2 SOURCE ../src/encoding.cpp:62 VARIABLE icmp_ln62_3 LOOP TIME_LOOP_PIXEL_LOOP BUNDLEDNAME {} DSP 0 BRAM 0 URAM 0 STORAGESUBTYPE {} DISPNAME {bind_op seteq} VISIBLE false} {BINDTYPE op ID {} IMPL auto LATENCY 0 OPTYPE or PRAGMA {} RTLNAME or_ln62_1_fu_539_p2 SOURCE ../src/encoding.cpp:62 VARIABLE or_ln62_1 LOOP TIME_LOOP_PIXEL_LOOP BUNDLEDNAME {} DSP 0 BRAM 0 URAM 0 STORAGESUBTYPE {} DISPNAME {bind_op or} VISIBLE false} {BINDTYPE op ID {} IMPL auto LATENCY 0 OPTYPE and PRAGMA {} RTLNAME and_ln62_fu_543_p2 SOURCE ../src/encoding.cpp:62 VARIABLE and_ln62 LOOP TIME_LOOP_PIXEL_LOOP BUNDLEDNAME {} DSP 0 BRAM 0 URAM 0 STORAGESUBTYPE {} DISPNAME {bind_op and} VISIBLE false} {BINDTYPE op ID {} IMPL auto LATENCY 1 OPTYPE fcmp PRAGMA {} RTLNAME fcmp_32ns_32ns_1_2_no_dsp_1_U3 SOURCE ../src/encoding.cpp:62 VARIABLE tmp_2 LOOP TIME_LOOP_PIXEL_LOOP BUNDLEDNAME {} DSP 0 BRAM 0 URAM 0 STORAGESUBTYPE {} DISPNAME {bind_op fcmp} VISIBLE false} {BINDTYPE op ID {} IMPL auto LATENCY 0 OPTYPE and PRAGMA {} RTLNAME and_ln62_1_fu_549_p2 SOURCE ../src/encoding.cpp:62 VARIABLE and_ln62_1 LOOP TIME_LOOP_PIXEL_LOOP BUNDLEDNAME {} DSP 0 BRAM 0 URAM 0 STORAGESUBTYPE {} DISPNAME {bind_op and} VISIBLE false} {BINDTYPE op ID {} IMPL auto_pipe LATENCY 0 OPTYPE shl PRAGMA {} RTLNAME shl_ln62_fu_561_p2 SOURCE ../src/encoding.cpp:62 VARIABLE shl_ln62 LOOP TIME_LOOP_PIXEL_LOOP BUNDLEDNAME {} DSP 0 BRAM 0 URAM 0 STORAGESUBTYPE {} DISPNAME {bind_op shl} VISIBLE false} {BINDTYPE op ID {} IMPL auto_pipe LATENCY 0 OPTYPE shl PRAGMA {} RTLNAME shl_ln62_2_fu_578_p2 SOURCE ../src/encoding.cpp:62 VARIABLE shl_ln62_2 LOOP TIME_LOOP_PIXEL_LOOP BUNDLEDNAME {} DSP 0 BRAM 0 URAM 0 STORAGESUBTYPE {} DISPNAME {bind_op shl} VISIBLE false} {BINDTYPE op ID {} IMPL fabric LATENCY 0 OPTYPE add PRAGMA {} RTLNAME i_fu_364_p2 SOURCE ../src/encoding.cpp:55 VARIABLE i LOOP TIME_LOOP_PIXEL_LOOP BUNDLEDNAME {} DSP 0 BRAM 0 URAM 0 STORAGESUBTYPE {} DISPNAME {bind_op add} VISIBLE true} {BINDTYPE op ID {} IMPL auto LATENCY 0 OPTYPE seteq PRAGMA {} RTLNAME icmp_ln55_fu_370_p2 SOURCE ../src/encoding.cpp:55 VARIABLE icmp_ln55 LOOP TIME_LOOP_PIXEL_LOOP BUNDLEDNAME {} DSP 0 BRAM 0 URAM 0 STORAGESUBTYPE {} DISPNAME {bind_op seteq} VISIBLE false} {BINDTYPE op ID {} IMPL fabric LATENCY 0 OPTYPE add PRAGMA {} RTLNAME add_ln54_fu_478_p2 SOURCE ../src/encoding.cpp:54 VARIABLE add_ln54 LOOP TIME_LOOP_PIXEL_LOOP BUNDLEDNAME {} DSP 0 BRAM 0 URAM 0 STORAGESUBTYPE {} DISPNAME {bind_op add} VISIBLE true} {BINDTYPE op ID {} IMPL auto LATENCY 0 OPTYPE seteq PRAGMA {} RTLNAME icmp_ln54_fu_376_p2 SOURCE ../src/encoding.cpp:54 VARIABLE icmp_ln54 LOOP TIME_LOOP_PIXEL_LOOP BUNDLEDNAME {} DSP 0 BRAM 0 URAM 0 STORAGESUBTYPE {} DISPNAME {bind_op seteq} VISIBLE false}} AREA {DSP 4 BRAM 4 URAM 0}}}}'
INFO-FLOW: DBG:PUTS:      update_csynth_reports json2rpt_hw_sw_interfaces
Execute         send_msg_by_id INFO @200-1603@%s  and missed bursts 
INFO: [HLS 200-1603] Design has inferred MAXI bursts and missed bursts, see Vitis HLS GUI synthesis summary report for detailed information.
INFO-FLOW: Running: gen_csynth_sec_pragma
INFO-FLOW: Done: gen_csynth_sec_pragma time: 0 seconds per iteration
INFO-FLOW: DBG:PUTS:      update_csynth_reports wrote xml
INFO-FLOW: DBG:PUTS:      update_csynth_reports appended to csynth rpt file
INFO: [HLS 200-111] Finished Updating report files: CPU user time: 1 seconds. CPU system time: 1 seconds. Elapsed time: 0.841 seconds; current allocated memory: 197.852 MB.
INFO: [VHDL 208-304] Generating VHDL RTL for rate_encoding.
INFO: [VLOG 209-307] Generating Verilog RTL for rate_encoding.
Execute         syn_report -model rate_encoding -printsummary 
INFO: [HLS 200-790] **** Loop Constraint Status: All loop constraints were satisfied.
INFO: [HLS 200-789] **** Estimated Fmax: 136.99 MHz
Command       autosyn done; 2.071 sec.
Command     csynth_design done; 12.359 sec.
INFO: [HLS 200-2161] Finished Command csynth_design Elapsed time: 00:00:12; Allocated memory: 44.359 MB.
Execute     close_project 
INFO: [HLS 200-1510] Running: close_project 
Execute       close_solution 
Execute         cleanup_all 
Execute         cleanup_all 
