

================================================================
== Vitis HLS Report for 'delta_encoding_Pipeline_INIT_LOOP'
================================================================
* Date:           Sat Jan 24 12:39:31 2026

* Version:        2024.1 (Build 5069499 on May 21 2024)
* Project:        snn_delta_encoding
* Solution:       solution1 (Vivado IP Flow Target)
* Product family: zynq
* Target device:  xc7z020-clg484-1


================================================================
== Performance Estimates
================================================================
+ Timing: 
    * Summary: 
    +--------+----------+----------+------------+
    |  Clock |  Target  | Estimated| Uncertainty|
    +--------+----------+----------+------------+
    |ap_clk  |  10.00 ns|  6.715 ns|     2.70 ns|
    +--------+----------+----------+------------+

+ Latency: 
    * Summary: 
    +---------+---------+----------+----------+-----+-----+-----------------------------------------------+
    |  Latency (cycles) |  Latency (absolute) |  Interval |                    Pipeline                   |
    |   min   |   max   |    min   |    max   | min | max |                      Type                     |
    +---------+---------+----------+----------+-----+-----+-----------------------------------------------+
    |      786|      786|  7.860 us|  7.860 us|  785|  785|  loop auto-rewind stp(delay=0 clock cycles(s))|
    +---------+---------+----------+----------+-----+-----+-----------------------------------------------+

    + Detail: 
        * Instance: 
        N/A

        * Loop: 
        +-------------+---------+---------+----------+-----------+-----------+------+----------+
        |             |  Latency (cycles) | Iteration|  Initiation Interval  | Trip |          |
        |  Loop Name  |   min   |   max   |  Latency |  achieved |   target  | Count| Pipelined|
        +-------------+---------+---------+----------+-----------+-----------+------+----------+
        |- INIT_LOOP  |      784|      784|         1|          1|          1|   784|       yes|
        +-------------+---------+---------+----------+-----------+-----------+------+----------+



================================================================
== Utilization Estimates
================================================================
* Summary: 
+-----------------+---------+-----+--------+-------+-----+
|       Name      | BRAM_18K| DSP |   FF   |  LUT  | URAM|
+-----------------+---------+-----+--------+-------+-----+
|DSP              |        -|    -|       -|      -|    -|
|Expression       |        -|    -|       0|     26|    -|
|FIFO             |        -|    -|       -|      -|    -|
|Instance         |        -|    -|       -|      -|    -|
|Memory           |        -|    -|       -|      -|    -|
|Multiplexer      |        -|    -|       0|     27|    -|
|Register         |        -|    -|      12|      -|    -|
+-----------------+---------+-----+--------+-------+-----+
|Total            |        0|    0|      12|     53|    0|
+-----------------+---------+-----+--------+-------+-----+
|Available        |      280|  220|  106400|  53200|    0|
+-----------------+---------+-----+--------+-------+-----+
|Utilization (%)  |        0|    0|      ~0|     ~0|    0|
+-----------------+---------+-----+--------+-------+-----+

+ Detail: 
    * Instance: 
    N/A

    * DSP: 
    N/A

    * Memory: 
    N/A

    * FIFO: 
    N/A

    * Expression: 
    +----------------------+----------+----+---+----+------------+------------+
    |     Variable Name    | Operation| DSP| FF| LUT| Bitwidth P0| Bitwidth P1|
    +----------------------+----------+----+---+----+------------+------------+
    |add_ln131_fu_192_p2   |         +|   0|  0|  13|          10|           1|
    |icmp_ln131_fu_186_p2  |      icmp|   0|  0|  13|          10|           9|
    +----------------------+----------+----+---+----+------------+------------+
    |Total                 |          |   0|  0|  26|          20|          10|
    +----------------------+----------+----+---+----+------------+------------+

    * Multiplexer: 
    +----------------------+----+-----------+-----+-----------+
    |         Name         | LUT| Input Size| Bits| Total Bits|
    +----------------------+----+-----------+-----+-----------+
    |ap_done_int           |   9|          2|    1|          2|
    |ap_sig_allocacmp_i_1  |   9|          2|   10|         20|
    |i_fu_62               |   9|          2|   10|         20|
    +----------------------+----+-----------+-----+-----------+
    |Total                 |  27|          6|   21|         42|
    +----------------------+----+-----------+-----+-----------+

    * Register: 
    +-------------+----+----+-----+-----------+
    |     Name    | FF | LUT| Bits| Const Bits|
    +-------------+----+----+-----+-----------+
    |ap_CS_fsm    |   1|   0|    1|          0|
    |ap_done_reg  |   1|   0|    1|          0|
    |i_fu_62      |  10|   0|   10|          0|
    +-------------+----+----+-----+-----------+
    |Total        |  12|   0|   12|          0|
    +-------------+----+----+-----+-----------+



================================================================
== Interface
================================================================
* Summary: 
+-----------------------+-----+-----+------------+-----------------------------------+--------------+
|       RTL Ports       | Dir | Bits|  Protocol  |           Source Object           |    C Type    |
+-----------------------+-----+-----+------------+-----------------------------------+--------------+
|ap_clk                 |   in|    1|  ap_ctrl_hs|  delta_encoding_Pipeline_INIT_LOOP|  return value|
|ap_rst                 |   in|    1|  ap_ctrl_hs|  delta_encoding_Pipeline_INIT_LOOP|  return value|
|ap_start               |   in|    1|  ap_ctrl_hs|  delta_encoding_Pipeline_INIT_LOOP|  return value|
|ap_done                |  out|    1|  ap_ctrl_hs|  delta_encoding_Pipeline_INIT_LOOP|  return value|
|ap_idle                |  out|    1|  ap_ctrl_hs|  delta_encoding_Pipeline_INIT_LOOP|  return value|
|ap_ready               |  out|    1|  ap_ctrl_hs|  delta_encoding_Pipeline_INIT_LOOP|  return value|
|integrator_7_address0  |  out|    7|   ap_memory|                       integrator_7|         array|
|integrator_7_ce0       |  out|    1|   ap_memory|                       integrator_7|         array|
|integrator_7_we0       |  out|    1|   ap_memory|                       integrator_7|         array|
|integrator_7_d0        |  out|   32|   ap_memory|                       integrator_7|         array|
|integrator_6_address0  |  out|    7|   ap_memory|                       integrator_6|         array|
|integrator_6_ce0       |  out|    1|   ap_memory|                       integrator_6|         array|
|integrator_6_we0       |  out|    1|   ap_memory|                       integrator_6|         array|
|integrator_6_d0        |  out|   32|   ap_memory|                       integrator_6|         array|
|integrator_5_address0  |  out|    7|   ap_memory|                       integrator_5|         array|
|integrator_5_ce0       |  out|    1|   ap_memory|                       integrator_5|         array|
|integrator_5_we0       |  out|    1|   ap_memory|                       integrator_5|         array|
|integrator_5_d0        |  out|   32|   ap_memory|                       integrator_5|         array|
|integrator_4_address0  |  out|    7|   ap_memory|                       integrator_4|         array|
|integrator_4_ce0       |  out|    1|   ap_memory|                       integrator_4|         array|
|integrator_4_we0       |  out|    1|   ap_memory|                       integrator_4|         array|
|integrator_4_d0        |  out|   32|   ap_memory|                       integrator_4|         array|
|integrator_3_address0  |  out|    7|   ap_memory|                       integrator_3|         array|
|integrator_3_ce0       |  out|    1|   ap_memory|                       integrator_3|         array|
|integrator_3_we0       |  out|    1|   ap_memory|                       integrator_3|         array|
|integrator_3_d0        |  out|   32|   ap_memory|                       integrator_3|         array|
|integrator_2_address0  |  out|    7|   ap_memory|                       integrator_2|         array|
|integrator_2_ce0       |  out|    1|   ap_memory|                       integrator_2|         array|
|integrator_2_we0       |  out|    1|   ap_memory|                       integrator_2|         array|
|integrator_2_d0        |  out|   32|   ap_memory|                       integrator_2|         array|
|integrator_1_address0  |  out|    7|   ap_memory|                       integrator_1|         array|
|integrator_1_ce0       |  out|    1|   ap_memory|                       integrator_1|         array|
|integrator_1_we0       |  out|    1|   ap_memory|                       integrator_1|         array|
|integrator_1_d0        |  out|   32|   ap_memory|                       integrator_1|         array|
|integrator_address0    |  out|    7|   ap_memory|                         integrator|         array|
|integrator_ce0         |  out|    1|   ap_memory|                         integrator|         array|
|integrator_we0         |  out|    1|   ap_memory|                         integrator|         array|
|integrator_d0          |  out|   32|   ap_memory|                         integrator|         array|
+-----------------------+-----+-----+------------+-----------------------------------+--------------+

============================================================
+ Verbose Summary: Synthesis Manager
============================================================
InlineROM: 1
ExposeGlobal: 0
============================================================
+ Verbose Summary: CDFG Model
============================================================
IsTopModel: 0
ResetActiveHigh: 1
IsCombinational: 2
IsDatapathOnly: 2
HasWiredReturn: 1
HasMFsm: 2
HasVarLatency: 1
IsPipeline: 0
IsRtlPipelined: 0
IsInstanceOverlapped: 0
IsDontTouch: 0
HasImplIP: 0
IsGatedGlobalClock: 0

+ Individual pipeline summary: 
  * Pipeline-0: initiation interval (II) = 1, depth = 1


============================================================
+ Verbose Summary: Schedule
============================================================
* Number of FSM states : 1
* Pipeline : 1
  Pipeline-0 : II = 1, D = 1, States = { 1 }
* Dataflow Pipeline: 0

* FSM state transitions: 
1 --> 

* FSM state operations: 

State 1 <SV = 0> <Delay = 6.71>
ST_1 : Operation 4 [1/1] (0.00ns)   --->   "%i = alloca i32 1" [../src/encoding.cpp:131]   --->   Operation 4 'alloca' 'i' <Predicate = true> <Delay = 0.00>
ST_1 : Operation 5 [1/1] (1.58ns)   --->   "%store_ln131 = store i10 0, i10 %i" [../src/encoding.cpp:131]   --->   Operation 5 'store' 'store_ln131' <Predicate = true> <Delay = 1.58>
ST_1 : Operation 6 [1/1] (0.00ns)   --->   "%br_ln0 = br void %for.inc"   --->   Operation 6 'br' 'br_ln0' <Predicate = true> <Delay = 0.00>
ST_1 : Operation 7 [1/1] (0.00ns)   --->   "%i_1 = load i10 %i" [../src/encoding.cpp:131]   --->   Operation 7 'load' 'i_1' <Predicate = true> <Delay = 0.00>
ST_1 : Operation 8 [1/1] (1.73ns)   --->   "%icmp_ln131 = icmp_eq  i10 %i_1, i10 784" [../src/encoding.cpp:131]   --->   Operation 8 'icmp' 'icmp_ln131' <Predicate = true> <Delay = 1.73> <CoreInst = "Cmp">   --->   Core 9 'Cmp' <Latency = 0> <II = 1> <Delay = 1.73> <FuncUnit> <Opcode : 'seteq' 'setne' 'setle' 'setge' 'setlt' 'setgt'> <InPorts = 2> <OutPorts = 1>
ST_1 : Operation 9 [1/1] (1.73ns)   --->   "%add_ln131 = add i10 %i_1, i10 1" [../src/encoding.cpp:131]   --->   Operation 9 'add' 'add_ln131' <Predicate = true> <Delay = 1.73> <CoreInst = "Adder">   --->   Core 1 'Adder' <Latency = 0> <II = 1> <Delay = 1.73> <FuncUnit> <Opcode : 'add' 'sub'> <InPorts = 2> <OutPorts = 1>
ST_1 : Operation 10 [1/1] (0.00ns)   --->   "%br_ln131 = br i1 %icmp_ln131, void %for.inc.split, void %TIME_LOOP.exitStub" [../src/encoding.cpp:131]   --->   Operation 10 'br' 'br_ln131' <Predicate = true> <Delay = 0.00>
ST_1 : Operation 11 [1/1] (0.00ns)   --->   "%trunc_ln131 = trunc i10 %i_1" [../src/encoding.cpp:131]   --->   Operation 11 'trunc' 'trunc_ln131' <Predicate = (!icmp_ln131)> <Delay = 0.00>
ST_1 : Operation 12 [1/1] (0.00ns)   --->   "%specpipeline_ln132 = specpipeline void @_ssdm_op_SpecPipeline, i32 1, i32 0, i32 0, i32 0, void @empty_0" [../src/encoding.cpp:132]   --->   Operation 12 'specpipeline' 'specpipeline_ln132' <Predicate = (!icmp_ln131)> <Delay = 0.00>
ST_1 : Operation 13 [1/1] (0.00ns)   --->   "%speclooptripcount_ln131 = speclooptripcount void @_ssdm_op_SpecLoopTripCount, i64 784, i64 784, i64 784" [../src/encoding.cpp:131]   --->   Operation 13 'speclooptripcount' 'speclooptripcount_ln131' <Predicate = (!icmp_ln131)> <Delay = 0.00>
ST_1 : Operation 14 [1/1] (0.00ns)   --->   "%specloopname_ln131 = specloopname void @_ssdm_op_SpecLoopName, void @empty_13" [../src/encoding.cpp:131]   --->   Operation 14 'specloopname' 'specloopname_ln131' <Predicate = (!icmp_ln131)> <Delay = 0.00>
ST_1 : Operation 15 [1/1] (0.00ns)   --->   "%lshr_ln = partselect i7 @_ssdm_op_PartSelect.i7.i10.i32.i32, i10 %i_1, i32 3, i32 9" [../src/encoding.cpp:131]   --->   Operation 15 'partselect' 'lshr_ln' <Predicate = (!icmp_ln131)> <Delay = 0.00>
ST_1 : Operation 16 [1/1] (0.00ns)   --->   "%zext_ln131 = zext i7 %lshr_ln" [../src/encoding.cpp:131]   --->   Operation 16 'zext' 'zext_ln131' <Predicate = (!icmp_ln131)> <Delay = 0.00>
ST_1 : Operation 17 [1/1] (0.00ns)   --->   "%integrator_addr = getelementptr i32 %integrator, i64 0, i64 %zext_ln131" [../src/encoding.cpp:133]   --->   Operation 17 'getelementptr' 'integrator_addr' <Predicate = (!icmp_ln131)> <Delay = 0.00>
ST_1 : Operation 18 [1/1] (0.00ns)   --->   "%integrator_1_addr = getelementptr i32 %integrator_1, i64 0, i64 %zext_ln131" [../src/encoding.cpp:133]   --->   Operation 18 'getelementptr' 'integrator_1_addr' <Predicate = (!icmp_ln131)> <Delay = 0.00>
ST_1 : Operation 19 [1/1] (0.00ns)   --->   "%integrator_2_addr = getelementptr i32 %integrator_2, i64 0, i64 %zext_ln131" [../src/encoding.cpp:133]   --->   Operation 19 'getelementptr' 'integrator_2_addr' <Predicate = (!icmp_ln131)> <Delay = 0.00>
ST_1 : Operation 20 [1/1] (0.00ns)   --->   "%integrator_3_addr = getelementptr i32 %integrator_3, i64 0, i64 %zext_ln131" [../src/encoding.cpp:133]   --->   Operation 20 'getelementptr' 'integrator_3_addr' <Predicate = (!icmp_ln131)> <Delay = 0.00>
ST_1 : Operation 21 [1/1] (0.00ns)   --->   "%integrator_4_addr = getelementptr i32 %integrator_4, i64 0, i64 %zext_ln131" [../src/encoding.cpp:133]   --->   Operation 21 'getelementptr' 'integrator_4_addr' <Predicate = (!icmp_ln131)> <Delay = 0.00>
ST_1 : Operation 22 [1/1] (0.00ns)   --->   "%integrator_5_addr = getelementptr i32 %integrator_5, i64 0, i64 %zext_ln131" [../src/encoding.cpp:133]   --->   Operation 22 'getelementptr' 'integrator_5_addr' <Predicate = (!icmp_ln131)> <Delay = 0.00>
ST_1 : Operation 23 [1/1] (0.00ns)   --->   "%integrator_6_addr = getelementptr i32 %integrator_6, i64 0, i64 %zext_ln131" [../src/encoding.cpp:133]   --->   Operation 23 'getelementptr' 'integrator_6_addr' <Predicate = (!icmp_ln131)> <Delay = 0.00>
ST_1 : Operation 24 [1/1] (0.00ns)   --->   "%integrator_7_addr = getelementptr i32 %integrator_7, i64 0, i64 %zext_ln131" [../src/encoding.cpp:133]   --->   Operation 24 'getelementptr' 'integrator_7_addr' <Predicate = (!icmp_ln131)> <Delay = 0.00>
ST_1 : Operation 25 [1/1] (1.87ns)   --->   "%switch_ln133 = switch i3 %trunc_ln131, void %arrayidx.case.7, i3 0, void %arrayidx.case.0, i3 1, void %arrayidx.case.1, i3 2, void %arrayidx.case.2, i3 3, void %arrayidx.case.3, i3 4, void %arrayidx.case.4, i3 5, void %arrayidx.case.5, i3 6, void %arrayidx.case.6" [../src/encoding.cpp:133]   --->   Operation 25 'switch' 'switch_ln133' <Predicate = (!icmp_ln131)> <Delay = 1.87>
ST_1 : Operation 26 [1/1] (3.25ns)   --->   "%store_ln133 = store i32 0, i7 %integrator_6_addr" [../src/encoding.cpp:133]   --->   Operation 26 'store' 'store_ln133' <Predicate = (!icmp_ln131 & trunc_ln131 == 6)> <Delay = 3.25> <CoreInst = "RAM">   --->   Core 81 'RAM' <Latency = 1> <II = 1> <Delay = 3.25> <Storage> <Opcode : 'load' 'store'> <Ports = 2> <Width = 32> <Depth = 98> <RAM>
ST_1 : Operation 27 [1/1] (0.00ns)   --->   "%br_ln133 = br void %arrayidx.exit" [../src/encoding.cpp:133]   --->   Operation 27 'br' 'br_ln133' <Predicate = (!icmp_ln131 & trunc_ln131 == 6)> <Delay = 0.00>
ST_1 : Operation 28 [1/1] (3.25ns)   --->   "%store_ln133 = store i32 0, i7 %integrator_5_addr" [../src/encoding.cpp:133]   --->   Operation 28 'store' 'store_ln133' <Predicate = (!icmp_ln131 & trunc_ln131 == 5)> <Delay = 3.25> <CoreInst = "RAM">   --->   Core 81 'RAM' <Latency = 1> <II = 1> <Delay = 3.25> <Storage> <Opcode : 'load' 'store'> <Ports = 2> <Width = 32> <Depth = 98> <RAM>
ST_1 : Operation 29 [1/1] (0.00ns)   --->   "%br_ln133 = br void %arrayidx.exit" [../src/encoding.cpp:133]   --->   Operation 29 'br' 'br_ln133' <Predicate = (!icmp_ln131 & trunc_ln131 == 5)> <Delay = 0.00>
ST_1 : Operation 30 [1/1] (3.25ns)   --->   "%store_ln133 = store i32 0, i7 %integrator_4_addr" [../src/encoding.cpp:133]   --->   Operation 30 'store' 'store_ln133' <Predicate = (!icmp_ln131 & trunc_ln131 == 4)> <Delay = 3.25> <CoreInst = "RAM">   --->   Core 81 'RAM' <Latency = 1> <II = 1> <Delay = 3.25> <Storage> <Opcode : 'load' 'store'> <Ports = 2> <Width = 32> <Depth = 98> <RAM>
ST_1 : Operation 31 [1/1] (0.00ns)   --->   "%br_ln133 = br void %arrayidx.exit" [../src/encoding.cpp:133]   --->   Operation 31 'br' 'br_ln133' <Predicate = (!icmp_ln131 & trunc_ln131 == 4)> <Delay = 0.00>
ST_1 : Operation 32 [1/1] (3.25ns)   --->   "%store_ln133 = store i32 0, i7 %integrator_3_addr" [../src/encoding.cpp:133]   --->   Operation 32 'store' 'store_ln133' <Predicate = (!icmp_ln131 & trunc_ln131 == 3)> <Delay = 3.25> <CoreInst = "RAM">   --->   Core 81 'RAM' <Latency = 1> <II = 1> <Delay = 3.25> <Storage> <Opcode : 'load' 'store'> <Ports = 2> <Width = 32> <Depth = 98> <RAM>
ST_1 : Operation 33 [1/1] (0.00ns)   --->   "%br_ln133 = br void %arrayidx.exit" [../src/encoding.cpp:133]   --->   Operation 33 'br' 'br_ln133' <Predicate = (!icmp_ln131 & trunc_ln131 == 3)> <Delay = 0.00>
ST_1 : Operation 34 [1/1] (3.25ns)   --->   "%store_ln133 = store i32 0, i7 %integrator_2_addr" [../src/encoding.cpp:133]   --->   Operation 34 'store' 'store_ln133' <Predicate = (!icmp_ln131 & trunc_ln131 == 2)> <Delay = 3.25> <CoreInst = "RAM">   --->   Core 81 'RAM' <Latency = 1> <II = 1> <Delay = 3.25> <Storage> <Opcode : 'load' 'store'> <Ports = 2> <Width = 32> <Depth = 98> <RAM>
ST_1 : Operation 35 [1/1] (0.00ns)   --->   "%br_ln133 = br void %arrayidx.exit" [../src/encoding.cpp:133]   --->   Operation 35 'br' 'br_ln133' <Predicate = (!icmp_ln131 & trunc_ln131 == 2)> <Delay = 0.00>
ST_1 : Operation 36 [1/1] (3.25ns)   --->   "%store_ln133 = store i32 0, i7 %integrator_1_addr" [../src/encoding.cpp:133]   --->   Operation 36 'store' 'store_ln133' <Predicate = (!icmp_ln131 & trunc_ln131 == 1)> <Delay = 3.25> <CoreInst = "RAM">   --->   Core 81 'RAM' <Latency = 1> <II = 1> <Delay = 3.25> <Storage> <Opcode : 'load' 'store'> <Ports = 2> <Width = 32> <Depth = 98> <RAM>
ST_1 : Operation 37 [1/1] (0.00ns)   --->   "%br_ln133 = br void %arrayidx.exit" [../src/encoding.cpp:133]   --->   Operation 37 'br' 'br_ln133' <Predicate = (!icmp_ln131 & trunc_ln131 == 1)> <Delay = 0.00>
ST_1 : Operation 38 [1/1] (3.25ns)   --->   "%store_ln133 = store i32 0, i7 %integrator_addr" [../src/encoding.cpp:133]   --->   Operation 38 'store' 'store_ln133' <Predicate = (!icmp_ln131 & trunc_ln131 == 0)> <Delay = 3.25> <CoreInst = "RAM">   --->   Core 81 'RAM' <Latency = 1> <II = 1> <Delay = 3.25> <Storage> <Opcode : 'load' 'store'> <Ports = 2> <Width = 32> <Depth = 98> <RAM>
ST_1 : Operation 39 [1/1] (0.00ns)   --->   "%br_ln133 = br void %arrayidx.exit" [../src/encoding.cpp:133]   --->   Operation 39 'br' 'br_ln133' <Predicate = (!icmp_ln131 & trunc_ln131 == 0)> <Delay = 0.00>
ST_1 : Operation 40 [1/1] (3.25ns)   --->   "%store_ln133 = store i32 0, i7 %integrator_7_addr" [../src/encoding.cpp:133]   --->   Operation 40 'store' 'store_ln133' <Predicate = (!icmp_ln131 & trunc_ln131 == 7)> <Delay = 3.25> <CoreInst = "RAM">   --->   Core 81 'RAM' <Latency = 1> <II = 1> <Delay = 3.25> <Storage> <Opcode : 'load' 'store'> <Ports = 2> <Width = 32> <Depth = 98> <RAM>
ST_1 : Operation 41 [1/1] (0.00ns)   --->   "%br_ln133 = br void %arrayidx.exit" [../src/encoding.cpp:133]   --->   Operation 41 'br' 'br_ln133' <Predicate = (!icmp_ln131 & trunc_ln131 == 7)> <Delay = 0.00>
ST_1 : Operation 42 [1/1] (1.58ns)   --->   "%store_ln131 = store i10 %add_ln131, i10 %i" [../src/encoding.cpp:131]   --->   Operation 42 'store' 'store_ln131' <Predicate = (!icmp_ln131)> <Delay = 1.58>
ST_1 : Operation 43 [1/1] (0.00ns)   --->   "%br_ln131 = br void %for.inc" [../src/encoding.cpp:131]   --->   Operation 43 'br' 'br_ln131' <Predicate = (!icmp_ln131)> <Delay = 0.00>
ST_1 : Operation 44 [1/1] (1.58ns)   --->   "%ret_ln0 = ret"   --->   Operation 44 'ret' 'ret_ln0' <Predicate = (icmp_ln131)> <Delay = 1.58>


============================================================
+ Verbose Summary: Binding
============================================================
STG Binding: 
---------------- STG Properties BEGIN ----------------
- Is combinational: 0
- Is one-state seq: 0
- Is datapath-only: 0
- Is pipelined: 0
- Is top level: 0
Port [ Return ] is wired: 1; IO mode=ap_ctrl_hs:ce=0
Port [ integrator_7]:  wired=1; compound=1; hidden=0; nouse=0; global=0; static=0; extern=0; dir=1; type=1; pingpong=0; private_global=0; MemPort=[03]; IO mode=ap_memory:ce=0
Port [ integrator_6]:  wired=1; compound=1; hidden=0; nouse=0; global=0; static=0; extern=0; dir=1; type=1; pingpong=0; private_global=0; MemPort=[03]; IO mode=ap_memory:ce=0
Port [ integrator_5]:  wired=1; compound=1; hidden=0; nouse=0; global=0; static=0; extern=0; dir=1; type=1; pingpong=0; private_global=0; MemPort=[03]; IO mode=ap_memory:ce=0
Port [ integrator_4]:  wired=1; compound=1; hidden=0; nouse=0; global=0; static=0; extern=0; dir=1; type=1; pingpong=0; private_global=0; MemPort=[03]; IO mode=ap_memory:ce=0
Port [ integrator_3]:  wired=1; compound=1; hidden=0; nouse=0; global=0; static=0; extern=0; dir=1; type=1; pingpong=0; private_global=0; MemPort=[03]; IO mode=ap_memory:ce=0
Port [ integrator_2]:  wired=1; compound=1; hidden=0; nouse=0; global=0; static=0; extern=0; dir=1; type=1; pingpong=0; private_global=0; MemPort=[03]; IO mode=ap_memory:ce=0
Port [ integrator_1]:  wired=1; compound=1; hidden=0; nouse=0; global=0; static=0; extern=0; dir=1; type=1; pingpong=0; private_global=0; MemPort=[03]; IO mode=ap_memory:ce=0
Port [ integrator]:  wired=1; compound=1; hidden=0; nouse=0; global=0; static=0; extern=0; dir=1; type=1; pingpong=0; private_global=0; MemPort=[03]; IO mode=ap_memory:ce=0
---------------- STG Properties END ------------------

---------------- Datapath Model BEGIN ----------------

<LifeTime>
<method=bitvector/>
i                       (alloca           ) [ 01]
store_ln131             (store            ) [ 00]
br_ln0                  (br               ) [ 00]
i_1                     (load             ) [ 00]
icmp_ln131              (icmp             ) [ 01]
add_ln131               (add              ) [ 00]
br_ln131                (br               ) [ 00]
trunc_ln131             (trunc            ) [ 01]
specpipeline_ln132      (specpipeline     ) [ 00]
speclooptripcount_ln131 (speclooptripcount) [ 00]
specloopname_ln131      (specloopname     ) [ 00]
lshr_ln                 (partselect       ) [ 00]
zext_ln131              (zext             ) [ 00]
integrator_addr         (getelementptr    ) [ 00]
integrator_1_addr       (getelementptr    ) [ 00]
integrator_2_addr       (getelementptr    ) [ 00]
integrator_3_addr       (getelementptr    ) [ 00]
integrator_4_addr       (getelementptr    ) [ 00]
integrator_5_addr       (getelementptr    ) [ 00]
integrator_6_addr       (getelementptr    ) [ 00]
integrator_7_addr       (getelementptr    ) [ 00]
switch_ln133            (switch           ) [ 00]
store_ln133             (store            ) [ 00]
br_ln133                (br               ) [ 00]
store_ln133             (store            ) [ 00]
br_ln133                (br               ) [ 00]
store_ln133             (store            ) [ 00]
br_ln133                (br               ) [ 00]
store_ln133             (store            ) [ 00]
br_ln133                (br               ) [ 00]
store_ln133             (store            ) [ 00]
br_ln133                (br               ) [ 00]
store_ln133             (store            ) [ 00]
br_ln133                (br               ) [ 00]
store_ln133             (store            ) [ 00]
br_ln133                (br               ) [ 00]
store_ln133             (store            ) [ 00]
br_ln133                (br               ) [ 00]
store_ln131             (store            ) [ 00]
br_ln131                (br               ) [ 00]
ret_ln0                 (ret              ) [ 00]
</LifeTime>

<model>

<comp_list>
<comp id="0" class="1000" name="integrator_7">
<pin_list>
<pin id="1" dir="1" index="0" bw="1" slack="0"/>
</pin_list>
<bind>
<StgValue><ssdm name="integrator_7"/><MemPortTyVec>0 3 </MemPortTyVec>
</StgValue>
</bind>
</comp>

<comp id="2" class="1000" name="integrator_6">
<pin_list>
<pin id="3" dir="1" index="0" bw="1" slack="0"/>
</pin_list>
<bind>
<StgValue><ssdm name="integrator_6"/><MemPortTyVec>0 3 </MemPortTyVec>
</StgValue>
</bind>
</comp>

<comp id="4" class="1000" name="integrator_5">
<pin_list>
<pin id="5" dir="1" index="0" bw="1" slack="0"/>
</pin_list>
<bind>
<StgValue><ssdm name="integrator_5"/><MemPortTyVec>0 3 </MemPortTyVec>
</StgValue>
</bind>
</comp>

<comp id="6" class="1000" name="integrator_4">
<pin_list>
<pin id="7" dir="1" index="0" bw="1" slack="0"/>
</pin_list>
<bind>
<StgValue><ssdm name="integrator_4"/><MemPortTyVec>0 3 </MemPortTyVec>
</StgValue>
</bind>
</comp>

<comp id="8" class="1000" name="integrator_3">
<pin_list>
<pin id="9" dir="1" index="0" bw="1" slack="0"/>
</pin_list>
<bind>
<StgValue><ssdm name="integrator_3"/><MemPortTyVec>0 3 </MemPortTyVec>
</StgValue>
</bind>
</comp>

<comp id="10" class="1000" name="integrator_2">
<pin_list>
<pin id="11" dir="1" index="0" bw="1" slack="0"/>
</pin_list>
<bind>
<StgValue><ssdm name="integrator_2"/><MemPortTyVec>0 3 </MemPortTyVec>
</StgValue>
</bind>
</comp>

<comp id="12" class="1000" name="integrator_1">
<pin_list>
<pin id="13" dir="1" index="0" bw="1" slack="0"/>
</pin_list>
<bind>
<StgValue><ssdm name="integrator_1"/><MemPortTyVec>0 3 </MemPortTyVec>
</StgValue>
</bind>
</comp>

<comp id="14" class="1000" name="integrator">
<pin_list>
<pin id="15" dir="1" index="0" bw="1" slack="0"/>
</pin_list>
<bind>
<StgValue><ssdm name="integrator"/><MemPortTyVec>0 3 </MemPortTyVec>
</StgValue>
</bind>
</comp>

<comp id="16" class="1001" name="const_16">
<pin_list>
<pin id="17" dir="1" index="0" bw="1" slack="0"/>
</pin_list>
<bind>
<StgValue><ssdm name=""/></StgValue>
</bind>
</comp>

<comp id="18" class="1001" name="const_18">
<pin_list>
<pin id="19" dir="1" index="0" bw="1" slack="0"/>
</pin_list>
<bind>
<StgValue><ssdm name=""/></StgValue>
</bind>
</comp>

<comp id="20" class="1001" name="const_20">
<pin_list>
<pin id="21" dir="1" index="0" bw="1" slack="0"/>
</pin_list>
<bind>
<StgValue><ssdm name=""/></StgValue>
</bind>
</comp>

<comp id="22" class="1001" name="const_22">
<pin_list>
<pin id="23" dir="1" index="0" bw="1" slack="0"/>
</pin_list>
<bind>
<StgValue><ssdm name=""/></StgValue>
</bind>
</comp>

<comp id="24" class="1001" name="const_24">
<pin_list>
<pin id="25" dir="1" index="0" bw="1" slack="2147483647"/>
</pin_list>
<bind>
<StgValue><ssdm name="_ssdm_op_SpecPipeline"/></StgValue>
</bind>
</comp>

<comp id="26" class="1001" name="const_26">
<pin_list>
<pin id="27" dir="1" index="0" bw="1" slack="2147483647"/>
</pin_list>
<bind>
<StgValue><ssdm name=""/></StgValue>
</bind>
</comp>

<comp id="28" class="1001" name="const_28">
<pin_list>
<pin id="29" dir="1" index="0" bw="1" slack="2147483647"/>
</pin_list>
<bind>
<StgValue><ssdm name="empty_0"/></StgValue>
</bind>
</comp>

<comp id="30" class="1001" name="const_30">
<pin_list>
<pin id="31" dir="1" index="0" bw="1" slack="2147483647"/>
</pin_list>
<bind>
<StgValue><ssdm name="_ssdm_op_SpecLoopTripCount"/></StgValue>
</bind>
</comp>

<comp id="32" class="1001" name="const_32">
<pin_list>
<pin id="33" dir="1" index="0" bw="1" slack="2147483647"/>
</pin_list>
<bind>
<StgValue><ssdm name=""/></StgValue>
</bind>
</comp>

<comp id="34" class="1001" name="const_34">
<pin_list>
<pin id="35" dir="1" index="0" bw="1" slack="2147483647"/>
</pin_list>
<bind>
<StgValue><ssdm name="_ssdm_op_SpecLoopName"/></StgValue>
</bind>
</comp>

<comp id="36" class="1001" name="const_36">
<pin_list>
<pin id="37" dir="1" index="0" bw="1" slack="2147483647"/>
</pin_list>
<bind>
<StgValue><ssdm name="empty_13"/></StgValue>
</bind>
</comp>

<comp id="38" class="1001" name="const_38">
<pin_list>
<pin id="39" dir="1" index="0" bw="1" slack="0"/>
</pin_list>
<bind>
<StgValue><ssdm name="_ssdm_op_PartSelect.i7.i10.i32.i32"/></StgValue>
</bind>
</comp>

<comp id="40" class="1001" name="const_40">
<pin_list>
<pin id="41" dir="1" index="0" bw="1" slack="0"/>
</pin_list>
<bind>
<StgValue><ssdm name=""/></StgValue>
</bind>
</comp>

<comp id="42" class="1001" name="const_42">
<pin_list>
<pin id="43" dir="1" index="0" bw="1" slack="0"/>
</pin_list>
<bind>
<StgValue><ssdm name=""/></StgValue>
</bind>
</comp>

<comp id="44" class="1001" name="const_44">
<pin_list>
<pin id="45" dir="1" index="0" bw="1" slack="0"/>
</pin_list>
<bind>
<StgValue><ssdm name=""/></StgValue>
</bind>
</comp>

<comp id="46" class="1001" name="const_46">
<pin_list>
<pin id="47" dir="1" index="0" bw="1" slack="2147483647"/>
</pin_list>
<bind>
<StgValue><ssdm name=""/></StgValue>
</bind>
</comp>

<comp id="48" class="1001" name="const_48">
<pin_list>
<pin id="49" dir="1" index="0" bw="1" slack="2147483647"/>
</pin_list>
<bind>
<StgValue><ssdm name=""/></StgValue>
</bind>
</comp>

<comp id="50" class="1001" name="const_50">
<pin_list>
<pin id="51" dir="1" index="0" bw="1" slack="2147483647"/>
</pin_list>
<bind>
<StgValue><ssdm name=""/></StgValue>
</bind>
</comp>

<comp id="52" class="1001" name="const_52">
<pin_list>
<pin id="53" dir="1" index="0" bw="1" slack="2147483647"/>
</pin_list>
<bind>
<StgValue><ssdm name=""/></StgValue>
</bind>
</comp>

<comp id="54" class="1001" name="const_54">
<pin_list>
<pin id="55" dir="1" index="0" bw="1" slack="2147483647"/>
</pin_list>
<bind>
<StgValue><ssdm name=""/></StgValue>
</bind>
</comp>

<comp id="56" class="1001" name="const_56">
<pin_list>
<pin id="57" dir="1" index="0" bw="1" slack="2147483647"/>
</pin_list>
<bind>
<StgValue><ssdm name=""/></StgValue>
</bind>
</comp>

<comp id="58" class="1001" name="const_58">
<pin_list>
<pin id="59" dir="1" index="0" bw="1" slack="2147483647"/>
</pin_list>
<bind>
<StgValue><ssdm name=""/></StgValue>
</bind>
</comp>

<comp id="60" class="1001" name="const_60">
<pin_list>
<pin id="61" dir="1" index="0" bw="1" slack="0"/>
</pin_list>
<bind>
<StgValue><ssdm name=""/></StgValue>
</bind>
</comp>

<comp id="62" class="1004" name="i_fu_62">
<pin_list>
<pin id="63" dir="0" index="0" bw="1" slack="0"/>
<pin id="64" dir="1" index="1" bw="10" slack="0"/>
</pin_list>
<bind>
<opcode="alloca(26) " fcode="alloca"/>
<opset="i/1 "/>
</bind>
</comp>

<comp id="66" class="1004" name="integrator_addr_gep_fu_66">
<pin_list>
<pin id="67" dir="0" index="0" bw="32" slack="0"/>
<pin id="68" dir="0" index="1" bw="1" slack="0"/>
<pin id="69" dir="0" index="2" bw="7" slack="0"/>
<pin id="70" dir="1" index="3" bw="7" slack="0"/>
</pin_list>
<bind>
<opcode="getelementptr(29) " fcode="getelementptr"/>
<opset="integrator_addr/1 "/>
</bind>
</comp>

<comp id="73" class="1004" name="integrator_1_addr_gep_fu_73">
<pin_list>
<pin id="74" dir="0" index="0" bw="32" slack="0"/>
<pin id="75" dir="0" index="1" bw="1" slack="0"/>
<pin id="76" dir="0" index="2" bw="7" slack="0"/>
<pin id="77" dir="1" index="3" bw="7" slack="0"/>
</pin_list>
<bind>
<opcode="getelementptr(29) " fcode="getelementptr"/>
<opset="integrator_1_addr/1 "/>
</bind>
</comp>

<comp id="80" class="1004" name="integrator_2_addr_gep_fu_80">
<pin_list>
<pin id="81" dir="0" index="0" bw="32" slack="0"/>
<pin id="82" dir="0" index="1" bw="1" slack="0"/>
<pin id="83" dir="0" index="2" bw="7" slack="0"/>
<pin id="84" dir="1" index="3" bw="7" slack="0"/>
</pin_list>
<bind>
<opcode="getelementptr(29) " fcode="getelementptr"/>
<opset="integrator_2_addr/1 "/>
</bind>
</comp>

<comp id="87" class="1004" name="integrator_3_addr_gep_fu_87">
<pin_list>
<pin id="88" dir="0" index="0" bw="32" slack="0"/>
<pin id="89" dir="0" index="1" bw="1" slack="0"/>
<pin id="90" dir="0" index="2" bw="7" slack="0"/>
<pin id="91" dir="1" index="3" bw="7" slack="0"/>
</pin_list>
<bind>
<opcode="getelementptr(29) " fcode="getelementptr"/>
<opset="integrator_3_addr/1 "/>
</bind>
</comp>

<comp id="94" class="1004" name="integrator_4_addr_gep_fu_94">
<pin_list>
<pin id="95" dir="0" index="0" bw="32" slack="0"/>
<pin id="96" dir="0" index="1" bw="1" slack="0"/>
<pin id="97" dir="0" index="2" bw="7" slack="0"/>
<pin id="98" dir="1" index="3" bw="7" slack="0"/>
</pin_list>
<bind>
<opcode="getelementptr(29) " fcode="getelementptr"/>
<opset="integrator_4_addr/1 "/>
</bind>
</comp>

<comp id="101" class="1004" name="integrator_5_addr_gep_fu_101">
<pin_list>
<pin id="102" dir="0" index="0" bw="32" slack="0"/>
<pin id="103" dir="0" index="1" bw="1" slack="0"/>
<pin id="104" dir="0" index="2" bw="7" slack="0"/>
<pin id="105" dir="1" index="3" bw="7" slack="0"/>
</pin_list>
<bind>
<opcode="getelementptr(29) " fcode="getelementptr"/>
<opset="integrator_5_addr/1 "/>
</bind>
</comp>

<comp id="108" class="1004" name="integrator_6_addr_gep_fu_108">
<pin_list>
<pin id="109" dir="0" index="0" bw="32" slack="0"/>
<pin id="110" dir="0" index="1" bw="1" slack="0"/>
<pin id="111" dir="0" index="2" bw="7" slack="0"/>
<pin id="112" dir="1" index="3" bw="7" slack="0"/>
</pin_list>
<bind>
<opcode="getelementptr(29) " fcode="getelementptr"/>
<opset="integrator_6_addr/1 "/>
</bind>
</comp>

<comp id="115" class="1004" name="integrator_7_addr_gep_fu_115">
<pin_list>
<pin id="116" dir="0" index="0" bw="32" slack="0"/>
<pin id="117" dir="0" index="1" bw="1" slack="0"/>
<pin id="118" dir="0" index="2" bw="7" slack="0"/>
<pin id="119" dir="1" index="3" bw="7" slack="0"/>
</pin_list>
<bind>
<opcode="getelementptr(29) " fcode="getelementptr"/>
<opset="integrator_7_addr/1 "/>
</bind>
</comp>

<comp id="122" class="1004" name="store_ln133_access_fu_122">
<pin_list>
<pin id="123" dir="0" index="0" bw="7" slack="0"/>
<pin id="124" dir="0" index="1" bw="32" slack="0"/>
<pin id="125" dir="0" index="2" bw="0" slack="2147483647"/>
<pin id="126" dir="1" index="3" bw="32" slack="2147483647"/>
</pin_list>
<bind>
<opcode="store(28) " fcode="store"/>
<opset="store_ln133/1 "/>
</bind>
</comp>

<comp id="129" class="1004" name="store_ln133_access_fu_129">
<pin_list>
<pin id="130" dir="0" index="0" bw="7" slack="0"/>
<pin id="131" dir="0" index="1" bw="32" slack="0"/>
<pin id="132" dir="0" index="2" bw="0" slack="2147483647"/>
<pin id="133" dir="1" index="3" bw="32" slack="2147483647"/>
</pin_list>
<bind>
<opcode="store(28) " fcode="store"/>
<opset="store_ln133/1 "/>
</bind>
</comp>

<comp id="136" class="1004" name="store_ln133_access_fu_136">
<pin_list>
<pin id="137" dir="0" index="0" bw="7" slack="0"/>
<pin id="138" dir="0" index="1" bw="32" slack="0"/>
<pin id="139" dir="0" index="2" bw="0" slack="2147483647"/>
<pin id="140" dir="1" index="3" bw="32" slack="2147483647"/>
</pin_list>
<bind>
<opcode="store(28) " fcode="store"/>
<opset="store_ln133/1 "/>
</bind>
</comp>

<comp id="143" class="1004" name="store_ln133_access_fu_143">
<pin_list>
<pin id="144" dir="0" index="0" bw="7" slack="0"/>
<pin id="145" dir="0" index="1" bw="32" slack="0"/>
<pin id="146" dir="0" index="2" bw="0" slack="2147483647"/>
<pin id="147" dir="1" index="3" bw="32" slack="2147483647"/>
</pin_list>
<bind>
<opcode="store(28) " fcode="store"/>
<opset="store_ln133/1 "/>
</bind>
</comp>

<comp id="150" class="1004" name="store_ln133_access_fu_150">
<pin_list>
<pin id="151" dir="0" index="0" bw="7" slack="0"/>
<pin id="152" dir="0" index="1" bw="32" slack="0"/>
<pin id="153" dir="0" index="2" bw="0" slack="2147483647"/>
<pin id="154" dir="1" index="3" bw="32" slack="2147483647"/>
</pin_list>
<bind>
<opcode="store(28) " fcode="store"/>
<opset="store_ln133/1 "/>
</bind>
</comp>

<comp id="157" class="1004" name="store_ln133_access_fu_157">
<pin_list>
<pin id="158" dir="0" index="0" bw="7" slack="0"/>
<pin id="159" dir="0" index="1" bw="32" slack="0"/>
<pin id="160" dir="0" index="2" bw="0" slack="2147483647"/>
<pin id="161" dir="1" index="3" bw="32" slack="2147483647"/>
</pin_list>
<bind>
<opcode="store(28) " fcode="store"/>
<opset="store_ln133/1 "/>
</bind>
</comp>

<comp id="164" class="1004" name="store_ln133_access_fu_164">
<pin_list>
<pin id="165" dir="0" index="0" bw="7" slack="0"/>
<pin id="166" dir="0" index="1" bw="32" slack="0"/>
<pin id="167" dir="0" index="2" bw="0" slack="2147483647"/>
<pin id="168" dir="1" index="3" bw="32" slack="2147483647"/>
</pin_list>
<bind>
<opcode="store(28) " fcode="store"/>
<opset="store_ln133/1 "/>
</bind>
</comp>

<comp id="171" class="1004" name="store_ln133_access_fu_171">
<pin_list>
<pin id="172" dir="0" index="0" bw="7" slack="0"/>
<pin id="173" dir="0" index="1" bw="32" slack="0"/>
<pin id="174" dir="0" index="2" bw="0" slack="2147483647"/>
<pin id="175" dir="1" index="3" bw="32" slack="2147483647"/>
</pin_list>
<bind>
<opcode="store(28) " fcode="store"/>
<opset="store_ln133/1 "/>
</bind>
</comp>

<comp id="178" class="1004" name="store_ln131_store_fu_178">
<pin_list>
<pin id="179" dir="0" index="0" bw="1" slack="0"/>
<pin id="180" dir="0" index="1" bw="10" slack="0"/>
<pin id="181" dir="1" index="2" bw="0" slack="2147483647"/>
</pin_list>
<bind>
<opcode="store(28) " fcode="store"/>
<opset="store_ln131/1 "/>
</bind>
</comp>

<comp id="183" class="1004" name="i_1_load_fu_183">
<pin_list>
<pin id="184" dir="0" index="0" bw="10" slack="0"/>
<pin id="185" dir="1" index="1" bw="10" slack="0"/>
</pin_list>
<bind>
<opcode="load(27) " fcode="load"/>
<opset="i_1/1 "/>
</bind>
</comp>

<comp id="186" class="1004" name="icmp_ln131_fu_186">
<pin_list>
<pin id="187" dir="0" index="0" bw="10" slack="0"/>
<pin id="188" dir="0" index="1" bw="10" slack="0"/>
<pin id="189" dir="1" index="2" bw="1" slack="2147483647"/>
</pin_list>
<bind>
<opcode="icmp(45) " fcode="icmp"/>
<opset="icmp_ln131/1 "/>
</bind>
</comp>

<comp id="192" class="1004" name="add_ln131_fu_192">
<pin_list>
<pin id="193" dir="0" index="0" bw="10" slack="0"/>
<pin id="194" dir="0" index="1" bw="1" slack="0"/>
<pin id="195" dir="1" index="2" bw="10" slack="0"/>
</pin_list>
<bind>
<opcode="add(8) " fcode="add"/>
<opset="add_ln131/1 "/>
</bind>
</comp>

<comp id="198" class="1004" name="trunc_ln131_fu_198">
<pin_list>
<pin id="199" dir="0" index="0" bw="10" slack="0"/>
<pin id="200" dir="1" index="1" bw="3" slack="2147483647"/>
</pin_list>
<bind>
<opcode="trunc(33) " fcode="trunc"/>
<opset="trunc_ln131/1 "/>
</bind>
</comp>

<comp id="202" class="1004" name="lshr_ln_fu_202">
<pin_list>
<pin id="203" dir="0" index="0" bw="7" slack="0"/>
<pin id="204" dir="0" index="1" bw="10" slack="0"/>
<pin id="205" dir="0" index="2" bw="3" slack="0"/>
<pin id="206" dir="0" index="3" bw="5" slack="0"/>
<pin id="207" dir="1" index="4" bw="7" slack="0"/>
</pin_list>
<bind>
<opcode="partselect(1002) " fcode="partselect"/>
<opset="lshr_ln/1 "/>
</bind>
</comp>

<comp id="212" class="1004" name="zext_ln131_fu_212">
<pin_list>
<pin id="213" dir="0" index="0" bw="7" slack="0"/>
<pin id="214" dir="1" index="1" bw="64" slack="0"/>
</pin_list>
<bind>
<opcode="zext(34) " fcode="zext"/>
<opset="zext_ln131/1 "/>
</bind>
</comp>

<comp id="224" class="1004" name="store_ln131_store_fu_224">
<pin_list>
<pin id="225" dir="0" index="0" bw="10" slack="0"/>
<pin id="226" dir="0" index="1" bw="10" slack="0"/>
<pin id="227" dir="1" index="2" bw="0" slack="2147483647"/>
</pin_list>
<bind>
<opcode="store(28) " fcode="store"/>
<opset="store_ln131/1 "/>
</bind>
</comp>

<comp id="229" class="1005" name="i_reg_229">
<pin_list>
<pin id="230" dir="0" index="0" bw="10" slack="0"/>
<pin id="231" dir="1" index="1" bw="10" slack="0"/>
</pin_list>
<bind>
<opset="i "/>
</bind>
</comp>

</comp_list>

<net_list>
<net id="65"><net_src comp="16" pin="0"/><net_sink comp="62" pin=0"/></net>

<net id="71"><net_src comp="14" pin="0"/><net_sink comp="66" pin=0"/></net>

<net id="72"><net_src comp="44" pin="0"/><net_sink comp="66" pin=1"/></net>

<net id="78"><net_src comp="12" pin="0"/><net_sink comp="73" pin=0"/></net>

<net id="79"><net_src comp="44" pin="0"/><net_sink comp="73" pin=1"/></net>

<net id="85"><net_src comp="10" pin="0"/><net_sink comp="80" pin=0"/></net>

<net id="86"><net_src comp="44" pin="0"/><net_sink comp="80" pin=1"/></net>

<net id="92"><net_src comp="8" pin="0"/><net_sink comp="87" pin=0"/></net>

<net id="93"><net_src comp="44" pin="0"/><net_sink comp="87" pin=1"/></net>

<net id="99"><net_src comp="6" pin="0"/><net_sink comp="94" pin=0"/></net>

<net id="100"><net_src comp="44" pin="0"/><net_sink comp="94" pin=1"/></net>

<net id="106"><net_src comp="4" pin="0"/><net_sink comp="101" pin=0"/></net>

<net id="107"><net_src comp="44" pin="0"/><net_sink comp="101" pin=1"/></net>

<net id="113"><net_src comp="2" pin="0"/><net_sink comp="108" pin=0"/></net>

<net id="114"><net_src comp="44" pin="0"/><net_sink comp="108" pin=1"/></net>

<net id="120"><net_src comp="0" pin="0"/><net_sink comp="115" pin=0"/></net>

<net id="121"><net_src comp="44" pin="0"/><net_sink comp="115" pin=1"/></net>

<net id="127"><net_src comp="60" pin="0"/><net_sink comp="122" pin=1"/></net>

<net id="128"><net_src comp="108" pin="3"/><net_sink comp="122" pin=0"/></net>

<net id="134"><net_src comp="60" pin="0"/><net_sink comp="129" pin=1"/></net>

<net id="135"><net_src comp="101" pin="3"/><net_sink comp="129" pin=0"/></net>

<net id="141"><net_src comp="60" pin="0"/><net_sink comp="136" pin=1"/></net>

<net id="142"><net_src comp="94" pin="3"/><net_sink comp="136" pin=0"/></net>

<net id="148"><net_src comp="60" pin="0"/><net_sink comp="143" pin=1"/></net>

<net id="149"><net_src comp="87" pin="3"/><net_sink comp="143" pin=0"/></net>

<net id="155"><net_src comp="60" pin="0"/><net_sink comp="150" pin=1"/></net>

<net id="156"><net_src comp="80" pin="3"/><net_sink comp="150" pin=0"/></net>

<net id="162"><net_src comp="60" pin="0"/><net_sink comp="157" pin=1"/></net>

<net id="163"><net_src comp="73" pin="3"/><net_sink comp="157" pin=0"/></net>

<net id="169"><net_src comp="60" pin="0"/><net_sink comp="164" pin=1"/></net>

<net id="170"><net_src comp="66" pin="3"/><net_sink comp="164" pin=0"/></net>

<net id="176"><net_src comp="60" pin="0"/><net_sink comp="171" pin=1"/></net>

<net id="177"><net_src comp="115" pin="3"/><net_sink comp="171" pin=0"/></net>

<net id="182"><net_src comp="18" pin="0"/><net_sink comp="178" pin=0"/></net>

<net id="190"><net_src comp="183" pin="1"/><net_sink comp="186" pin=0"/></net>

<net id="191"><net_src comp="20" pin="0"/><net_sink comp="186" pin=1"/></net>

<net id="196"><net_src comp="183" pin="1"/><net_sink comp="192" pin=0"/></net>

<net id="197"><net_src comp="22" pin="0"/><net_sink comp="192" pin=1"/></net>

<net id="201"><net_src comp="183" pin="1"/><net_sink comp="198" pin=0"/></net>

<net id="208"><net_src comp="38" pin="0"/><net_sink comp="202" pin=0"/></net>

<net id="209"><net_src comp="183" pin="1"/><net_sink comp="202" pin=1"/></net>

<net id="210"><net_src comp="40" pin="0"/><net_sink comp="202" pin=2"/></net>

<net id="211"><net_src comp="42" pin="0"/><net_sink comp="202" pin=3"/></net>

<net id="215"><net_src comp="202" pin="4"/><net_sink comp="212" pin=0"/></net>

<net id="216"><net_src comp="212" pin="1"/><net_sink comp="66" pin=2"/></net>

<net id="217"><net_src comp="212" pin="1"/><net_sink comp="73" pin=2"/></net>

<net id="218"><net_src comp="212" pin="1"/><net_sink comp="80" pin=2"/></net>

<net id="219"><net_src comp="212" pin="1"/><net_sink comp="87" pin=2"/></net>

<net id="220"><net_src comp="212" pin="1"/><net_sink comp="94" pin=2"/></net>

<net id="221"><net_src comp="212" pin="1"/><net_sink comp="101" pin=2"/></net>

<net id="222"><net_src comp="212" pin="1"/><net_sink comp="108" pin=2"/></net>

<net id="223"><net_src comp="212" pin="1"/><net_sink comp="115" pin=2"/></net>

<net id="228"><net_src comp="192" pin="2"/><net_sink comp="224" pin=0"/></net>

<net id="232"><net_src comp="62" pin="1"/><net_sink comp="229" pin=0"/></net>

<net id="233"><net_src comp="229" pin="1"/><net_sink comp="178" pin=1"/></net>

<net id="234"><net_src comp="229" pin="1"/><net_sink comp="183" pin=0"/></net>

<net id="235"><net_src comp="229" pin="1"/><net_sink comp="224" pin=1"/></net>

</net_list>

</model> 
---------------- Datapath Model END ------------------

* FSMD analyzer results:
  - Output states:
	Port: integrator_7 | {1 }
	Port: integrator_6 | {1 }
	Port: integrator_5 | {1 }
	Port: integrator_4 | {1 }
	Port: integrator_3 | {1 }
	Port: integrator_2 | {1 }
	Port: integrator_1 | {1 }
	Port: integrator | {1 }
 - Input state : 
  - Chain level:
	State 1
		store_ln131 : 1
		i_1 : 1
		icmp_ln131 : 2
		add_ln131 : 2
		br_ln131 : 3
		trunc_ln131 : 2
		lshr_ln : 2
		zext_ln131 : 3
		integrator_addr : 4
		integrator_1_addr : 4
		integrator_2_addr : 4
		integrator_3_addr : 4
		integrator_4_addr : 4
		integrator_5_addr : 4
		integrator_6_addr : 4
		integrator_7_addr : 4
		switch_ln133 : 3
		store_ln133 : 5
		store_ln133 : 5
		store_ln133 : 5
		store_ln133 : 5
		store_ln133 : 5
		store_ln133 : 5
		store_ln133 : 5
		store_ln133 : 5
		store_ln131 : 3


============================================================
+ Verbose Summary: Datapath Resource usage 
============================================================

* Functional unit list:
|----------|--------------------|---------|---------|
| Operation|   Functional Unit  |    FF   |   LUT   |
|----------|--------------------|---------|---------|
|   icmp   |  icmp_ln131_fu_186 |    0    |    13   |
|----------|--------------------|---------|---------|
|    add   |  add_ln131_fu_192  |    0    |    13   |
|----------|--------------------|---------|---------|
|   trunc  | trunc_ln131_fu_198 |    0    |    0    |
|----------|--------------------|---------|---------|
|partselect|   lshr_ln_fu_202   |    0    |    0    |
|----------|--------------------|---------|---------|
|   zext   |  zext_ln131_fu_212 |    0    |    0    |
|----------|--------------------|---------|---------|
|   Total  |                    |    0    |    26   |
|----------|--------------------|---------|---------|

Memories:
N/A

* Register list:
+---------+--------+
|         |   FF   |
+---------+--------+
|i_reg_229|   10   |
+---------+--------+
|  Total  |   10   |
+---------+--------+

* Multiplexer (MUX) list: 
|--------|------|------|------|--------|
|  Comp  |  Pin | Size |  BW  | S x BW |
|--------|------|------|------|--------|
|  Total |      |      |      |    0   |
|--------|------|------|------|--------|



* Summary:
+-----------+--------+--------+
|           |   FF   |   LUT  |
+-----------+--------+--------+
|  Function |    0   |   26   |
|   Memory  |    -   |    -   |
|Multiplexer|    -   |    -   |
|  Register |   10   |    -   |
+-----------+--------+--------+
|   Total   |   10   |   26   |
+-----------+--------+--------+
