================================================================
== Design Size Report
================================================================

* Total Instructions per Compilation Phase
+---------------+-----------------------------+--------------+----------------------------------------------------------------------------------------+
| Phase         | Step                        | Instructions | Description                                                                            |
+---------------+-----------------------------+--------------+----------------------------------------------------------------------------------------+
| Compile/Link  |                             | 12,029       | After all functions are compiled and linked into a single design                       |
|               |                             |              |                                                                                        |
| Unroll/Inline |                             |              | After user unroll and inline pragmas are applied                                       |
|               | (1) unroll                  |    966       | user unroll pragmas are applied                                                        |
|               | (2) simplification          |    524       | simplification of applied user unroll pragmas                                          |
|               | (3) inline                  |    481       | user inline pragmas are applied                                                        |
|               | (4) simplification          |    315       | simplification of applied user inline pragmas                                          |
|               |                             |              |                                                                                        |
| Array/Struct  |                             |              | After user array partition and struct aggregate/disaggregate pragmas are applied       |
|               | (1) array partition         |    358       | user array partition pragmas are applied                                               |
|               | (2) simplification          |    304       | simplification of applied user array partition & struct aggregate/disaggregate pragmas |
|               | (3) aggregate/disaggregate  |    304       | user struct aggregate/disaggregate pragmas are applied                                 |
|               | (4) array reshape           |    304       | apply array reshape pragmas                                                            |
|               | (5) access patterns         |    310       | array access pattern optmizations                                                      |
|               |                             |              |                                                                                        |
| Performance   |                             |              | After transformations are applied to meet performance pragma targets                   |
|               | (1) loop simplification     |    309       | loop and instruction simplification                                                    |
|               | (2) parallelization         |    308       | loops are unrolled or pipelined to meet performance targets                            |
|               | (3) array partition         |    308       | arrays are partitioned to meet performance targets                                     |
|               | (4) simplification          |    308       | simplification of design after performance transformations                             |
|               |                             |              |                                                                                        |
| HW Transforms |                             |              | After hardware transfomations                                                          |
|               | (1) lowering                |    326       | initial conversion to HW specific instructions                                         |
|               | (2) optimizations           |    341       | high level synthesis optimizations                                                     |
+---------------+-----------------------------+--------------+----------------------------------------------------------------------------------------+

* Instructions per Function for each Compilation Phase
+-----------------------------------------+-------------------------+-----------------+---------------+--------------+-------------+---------------+
| Function                                | Location                | Compile/Link    | Unroll/Inline | Array/Struct | Performance | HW Transforms |
+-----------------------------------------+-------------------------+-----------------+---------------+--------------+-------------+---------------+
| + latency_encoding                      | encoding.cpp:70         | 12,029          | 315           | 310          | 308         | 341           |
|  + gaussian_rand                        | encoding.cpp:25         | 9,838           |               |              |             |               |
|     lfsr_rand_float                     | encoding.cpp:14         |    42 (2 calls) |               |              |             |               |
|   + cosf                                | sincosfloat.cpp:11      | 9,782           |               |              |             |               |
|    + cos                                | hls_hotbm_float.cpp:126 | 9,780           |               |              |             |               |
|     + sin_or_cos<float>                 | hls_hotbm.h:209         | 9,778           |               |              |             |               |
|        fp_struct                        | x_hls_utils.h:283       |   636 (2 calls) |               |              |             |               |
|      + range_redux_payne_hanek_hotb...  | hls_range_redux.h:543   | 2,588           |               |              |             |               |
|         fp_struct                       | x_hls_utils.h:283       |   318           |               |              |             |               |
|         expv                            | x_hls_utils.h:316       |   109           |               |              |             |               |
|         clz<29, 58, 0>                  | hls_normalize.h:69      |   211           |               |              |             |               |
|      + range_redux_payne_hanek_hotb...  | hls_range_redux.h:431   | 2,189           |               |              |             |               |
|         fp_struct                       | x_hls_utils.h:283       |   318           |               |              |             |               |
|         expv                            | x_hls_utils.h:316       |   109           |               |              |             |               |
|         table_lookup_4oPi_hotbm<23, ... | hls_range_redux.h:373   |   264           |               |              |             |               |
|         clz<29, 58, 0>                  | hls_normalize.h:69      |   211           |               |              |             |               |
|        sin_or_cos_approximation<29,...  | hls_hotbm_float.cpp:8   | 1,526           |               |              |             |               |
|      + scaled_fixed2ieee<29, 1>         | x_hls_float_utils.h:256 | 1,529           |               |              |             |               |
|         fp_struct                       | x_hls_utils.h:281       |     4           |               |              |             |               |
|         clz                             | hls_normalize.h:79      |    76           |               |              |             |               |
|         set_mantissa                    | x_hls_utils.h:336       |   111           |               |              |             |               |
|       + to_ieee                         | x_hls_utils.h:346       |   303           |               |              |             |               |
|        + to_float                       | x_hls_utils.h:322       |   301           |               |              |             |               |
|           data                          | x_hls_utils.h:309       |   279           |               |              |             |               |
|      + to_ieee                          | x_hls_utils.h:346       |   303           |               |              |             |               |
|       + to_float                        | x_hls_utils.h:322       |   301           |               |              |             |               |
|          data                           | x_hls_utils.h:309       |   279           |               |              |             |               |
|    sin_or_cos<float>                    | hls_hotbm.h:209         |                 | 218           | 207          | 207         | 207           |
+-----------------------------------------+-------------------------+-----------------+---------------+--------------+-------------+---------------+

* Design Size Message Settings
+---------------------------------------------+--------+------------------------------------------------------------------+
| Message Setting                             | Value  | Description                                                      |
+---------------------------------------------+--------+------------------------------------------------------------------+
| config_compile -design_size_maximum_warning | 100000 | Show a warning when total design instructions exceeds this value |
+---------------------------------------------+--------+------------------------------------------------------------------+


