INFO: [SIM 2] *************** CSIM start ***************
INFO: [SIM 4] CSIM will launch CLANG as the compiler.
   Compiling ../../../../../src/testbench_latency.cpp in debug mode
   Compiling ../../../../../src/encoding.cpp in debug mode
   Generating csim.exe
=======================================
LATENCY ENCODING TEST - 10K IMAGES
=======================================
Processing images...
  1000/10000
  2000/10000
  3000/10000
  4000/10000
  5000/10000
  6000/10000
  7000/10000
  8000/10000
  9000/10000
  10000/10000

=======================================
LATENCY ENCODING RESULTS
=======================================
Sparsity:    96.00%
Norm Rate:   0.0400

Software:    96.00% / 0.0400
Error:       0.00% / 0.0000

✓ PASS - Exact match (deterministic)
INFO: [SIM 1] CSim done with 0 errors.
INFO: [SIM 3] *************** CSIM finish ***************
